#
# There is insufficient memory for the Java Runtime Environment to continue.
# Native memory allocation (malloc) failed to allocate 1262096 bytes for Chunk::new
# Possible reasons:
#   The system is out of physical RAM or swap space
#   The process is running with CompressedOops enabled, and the Java Heap may be blocking the growth of the native heap
# Possible solutions:
#   Reduce memory load on the system
#   Increase physical memory or swap space
#   Check if swap backing store is full
#   Decrease Java heap size (-Xmx/-Xms)
#   Decrease number of Java threads
#   Decrease Java thread stack sizes (-Xss)
#   Set larger code cache with -XX:ReservedCodeCacheSize=
#   JVM is running with Unscaled Compressed Oops mode in which the Java heap is
#     placed in the first 4GB address space. The Java Heap base address is the
#     maximum limit for the native heap growth. Please use -XX:HeapBaseMinAddress
#     to set the Java Heap base and to place the Java Heap above 4GB virtual address.
# This output file may be truncated or incomplete.
#
#  Out of Memory Error (allocation.cpp:389), pid=11972, tid=0x0000000000001888
#
# JRE version: OpenJDK Runtime Environment (8.0_242-b01) (build 1.8.0_242-release-1644-b01)
# Java VM: OpenJDK 64-Bit Server VM (25.242-b01 mixed mode windows-amd64 compressed oops)
# Failed to write core dump. Minidumps are not enabled by default on client versions of Windows
#

---------------  T H R E A D  ---------------

Current thread (0x0000000017948000):  JavaThread "C2 CompilerThread0" daemon [_thread_in_native, id=6280, stack(0x0000000018fa0000,0x00000000190a0000)]

Stack: [0x0000000018fa0000,0x00000000190a0000]
[error occurred during error reporting (printing stack bounds), id 0xc0000005]

Native frames: (J=compiled Java code, j=interpreted, Vv=VM code, C=native code)


Current CompileTask:
C2:  19919 4932       4       java.lang.Class::privateGetMethodRecursive (130 bytes)


---------------  P R O C E S S  ---------------

Java Threads: ( => current thread )
  0x000000001f2de800 JavaThread "Cache worker for Build Output Cleanup Cache (C:\Users\dell\Desktop\projects\Flutter-projects\FizzUpApp\.gradle\buildOutputCleanup)" [_thread_blocked, id=8236, stack(0x0000000028c20000,0x0000000028d20000)]
  0x000000001f2e4800 JavaThread "jar transforms Thread 114" [_thread_blocked, id=12700, stack(0x0000000028820000,0x0000000028920000)]
  0x000000001f2e3800 JavaThread "jar transforms Thread 113" [_thread_blocked, id=14076, stack(0x0000000028720000,0x0000000028820000)]
  0x000000001f2e3000 JavaThread "jar transforms Thread 112" [_thread_blocked, id=9800, stack(0x0000000028620000,0x0000000028720000)]
  0x000000001f2e2000 JavaThread "jar transforms Thread 111" [_thread_blocked, id=6092, stack(0x0000000028520000,0x0000000028620000)]
  0x000000001f2e1800 JavaThread "jar transforms Thread 110" [_thread_blocked, id=21772, stack(0x0000000028420000,0x0000000028520000)]
  0x000000001f2e0000 JavaThread "jar transforms Thread 109" [_thread_blocked, id=17160, stack(0x0000000028320000,0x0000000028420000)]
  0x000000001f2e0800 JavaThread "jar transforms Thread 108" [_thread_blocked, id=20776, stack(0x0000000028220000,0x0000000028320000)]
  0x000000001f2df000 JavaThread "jar transforms Thread 107" [_thread_blocked, id=12820, stack(0x0000000028120000,0x0000000028220000)]
  0x000000001f2e5000 JavaThread "jar transforms Thread 106" [_thread_blocked, id=13732, stack(0x0000000028020000,0x0000000028120000)]
  0x000000001f2d8800 JavaThread "jar transforms Thread 105" [_thread_blocked, id=12840, stack(0x0000000027f20000,0x0000000028020000)]
  0x000000001f2dd000 JavaThread "jar transforms Thread 104" [_thread_blocked, id=7868, stack(0x0000000027e20000,0x0000000027f20000)]
  0x000000001f2db800 JavaThread "jar transforms Thread 103" [_thread_blocked, id=9412, stack(0x0000000027d20000,0x0000000027e20000)]
  0x000000001f2da800 JavaThread "jar transforms Thread 102" [_thread_blocked, id=7460, stack(0x0000000027c20000,0x0000000027d20000)]
  0x000000001f2dc000 JavaThread "jar transforms Thread 101" [_thread_blocked, id=17692, stack(0x0000000027b20000,0x0000000027c20000)]
  0x000000001f2dd800 JavaThread "jar transforms Thread 100" [_thread_blocked, id=15972, stack(0x0000000027a20000,0x0000000027b20000)]
  0x000000001f2da000 JavaThread "jar transforms Thread 99" [_thread_blocked, id=12516, stack(0x0000000027920000,0x0000000027a20000)]
  0x000000001f2d9000 JavaThread "jar transforms Thread 98" [_thread_blocked, id=9184, stack(0x0000000027820000,0x0000000027920000)]
  0x000000001f257000 JavaThread "jar transforms Thread 97" [_thread_blocked, id=18804, stack(0x0000000027720000,0x0000000027820000)]
  0x000000001f254800 JavaThread "jar transforms Thread 96" [_thread_blocked, id=17840, stack(0x0000000027620000,0x0000000027720000)]
  0x000000001f259000 JavaThread "jar transforms Thread 95" [_thread_blocked, id=8312, stack(0x0000000027520000,0x0000000027620000)]
  0x000000001f258800 JavaThread "jar transforms Thread 94" [_thread_blocked, id=13680, stack(0x0000000027420000,0x0000000027520000)]
  0x000000001f255800 JavaThread "jar transforms Thread 93" [_thread_blocked, id=13824, stack(0x0000000027320000,0x0000000027420000)]
  0x000000001f256000 JavaThread "jar transforms Thread 92" [_thread_blocked, id=7556, stack(0x0000000027220000,0x0000000027320000)]
  0x000000001f257800 JavaThread "jar transforms Thread 91" [_thread_blocked, id=21152, stack(0x0000000027120000,0x0000000027220000)]
  0x000000001f24d000 JavaThread "jar transforms Thread 90" [_thread_blocked, id=23016, stack(0x0000000027020000,0x0000000027120000)]
  0x000000001f254000 JavaThread "jar transforms Thread 89" [_thread_blocked, id=848, stack(0x0000000026f20000,0x0000000027020000)]
  0x000000001f253000 JavaThread "jar transforms Thread 88" [_thread_blocked, id=19060, stack(0x0000000026e20000,0x0000000026f20000)]
  0x000000001f24b800 JavaThread "jar transforms Thread 87" [_thread_blocked, id=11432, stack(0x0000000026d20000,0x0000000026e20000)]
  0x000000001f252800 JavaThread "jar transforms Thread 86" [_thread_blocked, id=16568, stack(0x0000000026c20000,0x0000000026d20000)]
  0x000000001f251800 JavaThread "jar transforms Thread 85" [_thread_blocked, id=5052, stack(0x0000000026b20000,0x0000000026c20000)]
  0x000000001f251000 JavaThread "jar transforms Thread 84" [_thread_blocked, id=16936, stack(0x0000000026a20000,0x0000000026b20000)]
  0x000000001f250000 JavaThread "jar transforms Thread 83" [_thread_blocked, id=22940, stack(0x0000000026920000,0x0000000026a20000)]
  0x000000001f24a000 JavaThread "jar transforms Thread 82" [_thread_blocked, id=22624, stack(0x0000000026820000,0x0000000026920000)]
  0x000000001f24b000 JavaThread "jar transforms Thread 81" [_thread_blocked, id=22636, stack(0x0000000026720000,0x0000000026820000)]
  0x000000001f24e000 JavaThread "jar transforms Thread 80" [_thread_blocked, id=20584, stack(0x0000000026620000,0x0000000026720000)]
  0x000000001f24c800 JavaThread "jar transforms Thread 79" [_thread_blocked, id=232, stack(0x0000000026520000,0x0000000026620000)]
  0x000000001f24e800 JavaThread "jar transforms Thread 78" [_thread_blocked, id=9212, stack(0x0000000026420000,0x0000000026520000)]
  0x000000001f24f800 JavaThread "jar transforms Thread 77" [_thread_blocked, id=19500, stack(0x0000000026320000,0x0000000026420000)]
  0x000000001e889000 JavaThread "jar transforms Thread 76" [_thread_blocked, id=5896, stack(0x0000000026220000,0x0000000026320000)]
  0x000000001e888000 JavaThread "jar transforms Thread 75" [_thread_blocked, id=20232, stack(0x0000000026120000,0x0000000026220000)]
  0x000000001e88b000 JavaThread "jar transforms Thread 74" [_thread_blocked, id=9668, stack(0x0000000026020000,0x0000000026120000)]
  0x000000001e88a800 JavaThread "jar transforms Thread 73" [_thread_blocked, id=12040, stack(0x0000000025f20000,0x0000000026020000)]
  0x000000001e889800 JavaThread "jar transforms Thread 72" [_thread_blocked, id=16720, stack(0x0000000025e20000,0x0000000025f20000)]
  0x000000001e88d800 JavaThread "jar transforms Thread 71" [_thread_blocked, id=18100, stack(0x0000000025d20000,0x0000000025e20000)]
  0x000000001e88c000 JavaThread "jar transforms Thread 70" [_thread_blocked, id=12792, stack(0x0000000025c20000,0x0000000025d20000)]
  0x000000001e88c800 JavaThread "jar transforms Thread 69" [_thread_blocked, id=20268, stack(0x0000000025b20000,0x0000000025c20000)]
  0x000000001e880800 JavaThread "jar transforms Thread 68" [_thread_blocked, id=5644, stack(0x0000000025a20000,0x0000000025b20000)]
  0x000000001e887800 JavaThread "jar transforms Thread 67" [_thread_blocked, id=13148, stack(0x0000000025920000,0x0000000025a20000)]
  0x000000001e886800 JavaThread "jar transforms Thread 66" [_thread_blocked, id=23396, stack(0x0000000025820000,0x0000000025920000)]
  0x000000001e880000 JavaThread "jar transforms Thread 65" [_thread_blocked, id=17220, stack(0x0000000025720000,0x0000000025820000)]
  0x000000001e87f000 JavaThread "jar transforms Thread 64" [_thread_blocked, id=20012, stack(0x0000000025620000,0x0000000025720000)]
  0x000000001e886000 JavaThread "jar transforms Thread 63" [_thread_blocked, id=15004, stack(0x0000000025520000,0x0000000025620000)]
  0x000000001e884800 JavaThread "jar transforms Thread 62" [_thread_blocked, id=14716, stack(0x0000000025420000,0x0000000025520000)]
  0x000000001e881800 JavaThread "jar transforms Thread 61" [_thread_blocked, id=12824, stack(0x0000000025320000,0x0000000025420000)]
  0x000000001e882000 JavaThread "jar transforms Thread 60" [_thread_blocked, id=18508, stack(0x0000000025220000,0x0000000025320000)]
  0x000000001e883800 JavaThread "jar transforms Thread 59" [_thread_blocked, id=3852, stack(0x0000000025120000,0x0000000025220000)]
  0x000000001e87e800 JavaThread "jar transforms Thread 58" [_thread_blocked, id=12276, stack(0x0000000025020000,0x0000000025120000)]
  0x000000001e885000 JavaThread "jar transforms Thread 57" [_thread_blocked, id=13956, stack(0x0000000024f20000,0x0000000025020000)]
  0x000000001a3ba000 JavaThread "jar transforms Thread 56" [_thread_blocked, id=4064, stack(0x0000000024e20000,0x0000000024f20000)]
  0x000000001a3b4000 JavaThread "jar transforms Thread 55" [_thread_blocked, id=1360, stack(0x0000000024d20000,0x0000000024e20000)]
  0x000000001a3b9000 JavaThread "jar transforms Thread 54" [_thread_blocked, id=11560, stack(0x0000000024c20000,0x0000000024d20000)]
  0x000000001a3b8800 JavaThread "jar transforms Thread 53" [_thread_blocked, id=16804, stack(0x0000000024b20000,0x0000000024c20000)]
  0x000000001a3b7800 JavaThread "jar transforms Thread 52" [_thread_blocked, id=22908, stack(0x0000000024a20000,0x0000000024b20000)]
  0x000000001a3b6000 JavaThread "jar transforms Thread 51" [_thread_blocked, id=17428, stack(0x0000000024920000,0x0000000024a20000)]
  0x000000001a3b4800 JavaThread "jar transforms Thread 50" [_thread_blocked, id=20984, stack(0x0000000024820000,0x0000000024920000)]
  0x000000001a3b5800 JavaThread "jar transforms Thread 49" [_thread_blocked, id=6316, stack(0x0000000024720000,0x0000000024820000)]
  0x000000001a3ba800 JavaThread "jar transforms Thread 48" [_thread_blocked, id=12796, stack(0x0000000024620000,0x0000000024720000)]
  0x000000001a3b7000 JavaThread "jar transforms Thread 47" [_thread_blocked, id=12780, stack(0x0000000024520000,0x0000000024620000)]
  0x000000001a3ac800 JavaThread "jar transforms Thread 46" [_thread_blocked, id=19192, stack(0x0000000024420000,0x0000000024520000)]
  0x000000001a3b3000 JavaThread "jar transforms Thread 45" [_thread_blocked, id=7732, stack(0x0000000024320000,0x0000000024420000)]
  0x000000001a3ab800 JavaThread "jar transforms Thread 44" [_thread_blocked, id=12344, stack(0x0000000024220000,0x0000000024320000)]
  0x000000001a3b2800 JavaThread "jar transforms Thread 43" [_thread_blocked, id=21316, stack(0x0000000024120000,0x0000000024220000)]
  0x000000001a3b1000 JavaThread "jar transforms Thread 42" [_thread_blocked, id=10312, stack(0x0000000024020000,0x0000000024120000)]
  0x000000001a3ae800 JavaThread "jar transforms Thread 41" [_thread_blocked, id=20088, stack(0x0000000023f20000,0x0000000024020000)]
  0x000000001a3b0000 JavaThread "jar transforms Thread 40" [_thread_blocked, id=13280, stack(0x0000000023e20000,0x0000000023f20000)]
  0x000000001a3ae000 JavaThread "jar transforms Thread 39" [_thread_blocked, id=12300, stack(0x0000000023d20000,0x0000000023e20000)]
  0x000000001a3af800 JavaThread "jar transforms Thread 38" [_thread_blocked, id=14784, stack(0x0000000023c20000,0x0000000023d20000)]
  0x000000001a3b1800 JavaThread "jar transforms Thread 37" [_thread_blocked, id=18732, stack(0x0000000023b20000,0x0000000023c20000)]
  0x000000001a3ad000 JavaThread "jar transforms Thread 36" [_thread_blocked, id=8504, stack(0x0000000023a20000,0x0000000023b20000)]
  0x000000001e222000 JavaThread "jar transforms Thread 35" [_thread_blocked, id=21384, stack(0x0000000023920000,0x0000000023a20000)]
  0x000000001e221000 JavaThread "jar transforms Thread 34" [_thread_blocked, id=19048, stack(0x0000000023820000,0x0000000023920000)]
  0x000000001e220800 JavaThread "jar transforms Thread 33" [_thread_blocked, id=8240, stack(0x0000000023720000,0x0000000023820000)]
  0x000000001e21f800 JavaThread "jar transforms Thread 32" [_thread_blocked, id=12624, stack(0x0000000023620000,0x0000000023720000)]
  0x000000001e21f000 JavaThread "jar transforms Thread 31" [_thread_blocked, id=19916, stack(0x0000000023520000,0x0000000023620000)]
  0x000000001e21e000 JavaThread "jar transforms Thread 30" [_thread_blocked, id=2256, stack(0x0000000023420000,0x0000000023520000)]
  0x000000001e21d800 JavaThread "jar transforms Thread 29" [_thread_blocked, id=12012, stack(0x0000000023320000,0x0000000023420000)]
  0x000000001e21c800 JavaThread "jar transforms Thread 28" [_thread_blocked, id=7472, stack(0x0000000023220000,0x0000000023320000)]
  0x000000001e215000 JavaThread "jar transforms Thread 27" [_thread_blocked, id=22640, stack(0x0000000023120000,0x0000000023220000)]
  0x000000001e21c000 JavaThread "jar transforms Thread 26" [_thread_blocked, id=15272, stack(0x0000000023020000,0x0000000023120000)]
  0x000000001e21b000 JavaThread "jar transforms Thread 25" [_thread_blocked, id=16000, stack(0x0000000022f20000,0x0000000023020000)]
  0x000000001e214800 JavaThread "jar transforms Thread 24" [_thread_blocked, id=11708, stack(0x0000000022e20000,0x0000000022f20000)]
  0x000000001e213800 JavaThread "jar transforms Thread 23" [_thread_blocked, id=17096, stack(0x0000000022d20000,0x0000000022e20000)]
  0x000000001e216800 JavaThread "jar transforms Thread 22" [_thread_blocked, id=17864, stack(0x0000000022c20000,0x0000000022d20000)]
  0x000000001e21a800 JavaThread "jar transforms Thread 21" [_thread_blocked, id=23412, stack(0x0000000022b20000,0x0000000022c20000)]
  0x000000001e217800 JavaThread "jar transforms Thread 20" [_thread_blocked, id=3844, stack(0x0000000022a20000,0x0000000022b20000)]
  0x000000001e216000 JavaThread "jar transforms Thread 19" [_thread_blocked, id=12460, stack(0x0000000022920000,0x0000000022a20000)]
  0x000000001e213000 JavaThread "jar transforms Thread 18" [_thread_blocked, id=3484, stack(0x0000000022820000,0x0000000022920000)]
  0x000000001e219800 JavaThread "jar transforms Thread 17" [_thread_blocked, id=5156, stack(0x0000000022720000,0x0000000022820000)]
  0x000000001e219000 JavaThread "jar transforms Thread 16" [_thread_blocked, id=14120, stack(0x0000000022620000,0x0000000022720000)]
  0x000000001e218000 JavaThread "jar transforms Thread 15" [_thread_blocked, id=17492, stack(0x0000000022520000,0x0000000022620000)]
  0x000000001bab5800 JavaThread "jar transforms Thread 14" [_thread_blocked, id=16548, stack(0x0000000022420000,0x0000000022520000)]
  0x000000001bab4800 JavaThread "jar transforms Thread 13" [_thread_blocked, id=15240, stack(0x0000000022320000,0x0000000022420000)]
  0x000000001bab4000 JavaThread "jar transforms Thread 12" [_thread_blocked, id=21068, stack(0x0000000022220000,0x0000000022320000)]
  0x000000001bab3000 JavaThread "jar transforms Thread 11" [_thread_blocked, id=9940, stack(0x0000000022120000,0x0000000022220000)]
  0x000000001baab800 JavaThread "jar transforms Thread 10" [_thread_blocked, id=12212, stack(0x0000000022020000,0x0000000022120000)]
  0x000000001bab2800 JavaThread "jar transforms Thread 9" [_thread_blocked, id=20424, stack(0x0000000021f20000,0x0000000022020000)]
  0x000000001baaa800 JavaThread "jar transforms Thread 8" [_thread_blocked, id=19652, stack(0x0000000021e20000,0x0000000021f20000)]
  0x000000001bab1800 JavaThread "jar transforms Thread 7" [_thread_blocked, id=7724, stack(0x0000000021d20000,0x0000000021e20000)]
  0x000000001baaa000 JavaThread "jar transforms Thread 6" [_thread_blocked, id=6100, stack(0x0000000021c20000,0x0000000021d20000)]
  0x000000001bab1000 JavaThread "jar transforms Thread 5" [_thread_blocked, id=7932, stack(0x0000000021b20000,0x0000000021c20000)]
  0x000000001baac000 JavaThread "jar transforms Thread 4" [_thread_blocked, id=14872, stack(0x0000000021a20000,0x0000000021b20000)]
  0x000000001bab0000 JavaThread "jar transforms Thread 3" [_thread_blocked, id=17224, stack(0x0000000021920000,0x0000000021a20000)]
  0x000000001baad000 JavaThread "jar transforms Thread 2" [_thread_blocked, id=11408, stack(0x0000000021820000,0x0000000021920000)]
  0x000000001baae800 JavaThread "Build operations Thread 4" [_thread_blocked, id=19280, stack(0x0000000021720000,0x0000000021820000)]
  0x000000001baa9000 JavaThread "Build operations Thread 3" [_thread_blocked, id=16956, stack(0x0000000021620000,0x0000000021720000)]
  0x000000001baad800 JavaThread "Build operations Thread 2" [_thread_blocked, id=15180, stack(0x0000000021520000,0x0000000021620000)]
  0x000000001baa8800 JavaThread "Build operations" [_thread_blocked, id=3888, stack(0x0000000021420000,0x0000000021520000)]
  0x000000001b43d800 JavaThread "Cache worker for file content cache (C:\Users\dell\.gradle\caches\6.5\fileContent)" [_thread_blocked, id=5068, stack(0x0000000020d20000,0x0000000020e20000)]
  0x000000001b442000 JavaThread "jar transforms" [_thread_blocked, id=14588, stack(0x0000000020c20000,0x0000000020d20000)]
  0x000000001b440800 JavaThread "Cache worker for execution history cache (C:\Users\dell\.gradle\caches\6.5\executionHistory)" [_thread_blocked, id=15820, stack(0x0000000020520000,0x0000000020620000)]
  0x000000001b43f000 JavaThread "Cache worker for cache directory md-rule (C:\Users\dell\.gradle\caches\6.5\md-rule)" [_thread_blocked, id=22208, stack(0x0000000020420000,0x0000000020520000)]
  0x000000001b43e800 JavaThread "Cache worker for cache directory md-supplier (C:\Users\dell\.gradle\caches\6.5\md-supplier)" [_thread_blocked, id=19808, stack(0x0000000020320000,0x0000000020420000)]
  0x000000001b440000 JavaThread "Cache worker for checksums cache (C:\Users\dell\Desktop\projects\Flutter-projects\FizzUpApp\.gradle\checksums)" [_thread_blocked, id=9880, stack(0x0000000020220000,0x0000000020320000)]
  0x000000001b443000 JavaThread "Cache worker for file hash cache (C:\Users\dell\Desktop\projects\Flutter-projects\FizzUpApp\.gradle\6.5\fileHashes)" [_thread_blocked, id=18024, stack(0x000000001ec90000,0x000000001ed90000)]
  0x000000001b441800 JavaThread "Cache worker for file hash cache (C:\Users\dell\.gradle\caches\6.5\fileHashes)" [_thread_blocked, id=7616, stack(0x000000001d9c0000,0x000000001dac0000)]
  0x000000001b443800 JavaThread "File lock request listener" [_thread_in_native, id=21740, stack(0x000000001d8c0000,0x000000001d9c0000)]
  0x000000001b3ab000 JavaThread "Cache worker for journal cache (C:\Users\dell\.gradle\caches\journal-1)" [_thread_blocked, id=22896, stack(0x000000001d6c0000,0x000000001d7c0000)]
  0x000000001b2c5800 JavaThread "Thread-9" [_thread_blocked, id=23160, stack(0x000000001d3c0000,0x000000001d4c0000)]
  0x000000001b40d000 JavaThread "Stdin handler" [_thread_blocked, id=9664, stack(0x000000001d2c0000,0x000000001d3c0000)]
  0x000000001b2c3800 JavaThread "Asynchronous log dispatcher for DefaultDaemonConnection: socket connection from /127.0.0.1:55758 to /127.0.0.1:55759" [_thread_blocked, id=23536, stack(0x000000001d1c0000,0x000000001d2c0000)]
  0x000000001a0e1800 JavaThread "Daemon worker" [_thread_in_Java, id=8260, stack(0x000000001d0c0000,0x000000001d1c0000)]
  0x000000001a0dd000 JavaThread "Cancel handler" [_thread_blocked, id=13432, stack(0x000000001cfc0000,0x000000001d0c0000)]
  0x0000000019a35800 JavaThread "Handler for socket connection from /127.0.0.1:55758 to /127.0.0.1:55759" [_thread_in_native, id=5240, stack(0x000000001cec0000,0x000000001cfc0000)]
  0x000000001993e000 JavaThread "Daemon" [_thread_blocked, id=21232, stack(0x000000001cdc0000,0x000000001cec0000)]
  0x0000000019937000 JavaThread "Daemon periodic checks" [_thread_blocked, id=20332, stack(0x000000001cac0000,0x000000001cbc0000)]
  0x000000001b257800 JavaThread "Incoming local TCP Connector on port 55758" [_thread_in_native, id=12504, stack(0x000000001c880000,0x000000001c980000)]
  0x000000001936d800 JavaThread "Daemon health stats" [_thread_blocked, id=8272, stack(0x000000001c240000,0x000000001c340000)]
  0x000000001799e800 JavaThread "Service Thread" daemon [_thread_blocked, id=19284, stack(0x00000000196a0000,0x00000000197a0000)]
  0x0000000017956800 JavaThread "C1 CompilerThread2" daemon [_thread_blocked, id=23072, stack(0x00000000191a0000,0x00000000192a0000)]
  0x000000001794c800 JavaThread "C2 CompilerThread1" daemon [_thread_in_native, id=7892, stack(0x00000000190a0000,0x00000000191a0000)]
=>0x0000000017948000 JavaThread "C2 CompilerThread0" daemon [_thread_in_native, id=6280, stack(0x0000000018fa0000,0x00000000190a0000)]
  0x0000000017946000 JavaThread "Attach Listener" daemon [_thread_blocked, id=7348, stack(0x0000000018ea0000,0x0000000018fa0000)]
  0x0000000017945000 JavaThread "Signal Dispatcher" daemon [_thread_blocked, id=5448, stack(0x0000000018da0000,0x0000000018ea0000)]
  0x0000000002d1b800 JavaThread "Finalizer" daemon [_thread_blocked, id=17756, stack(0x0000000018ba0000,0x0000000018ca0000)]
  0x0000000017929000 JavaThread "Reference Handler" daemon [_thread_blocked, id=5220, stack(0x0000000018aa0000,0x0000000018ba0000)]
  0x0000000002c22800 JavaThread "main" [_thread_blocked, id=22700, stack(0x0000000002b20000,0x0000000002c20000)]

Other Threads:
  0x0000000017906000 VMThread [stack: 0x00000000189a0000,0x0000000018aa0000] [id=8568]
  0x00000000192cb800 WatcherThread [stack: 0x00000000197a0000,0x00000000198a0000] [id=15136]

VM state:not at safepoint (normal execution)

VM Mutex/Monitor currently owned by a thread: None

heap address: 0x0000000080000000, size: 2048 MB, Compressed Oops mode: 32-bit
Narrow klass base: 0x0000000000000000, Narrow klass shift: 3
Compressed class space size: 1073741824 Address: 0x0000000100000000

Heap:
 PSYoungGen      total 172544K, used 15723K [0x00000000d5580000, 0x00000000e0b00000, 0x0000000100000000)
  eden space 159744K, 1% used [0x00000000d5580000,0x00000000d5860670,0x00000000df180000)
  from space 12800K, 99% used [0x00000000df180000,0x00000000dfdfa7d0,0x00000000dfe00000)
  to   space 12800K, 0% used [0x00000000dfe00000,0x00000000dfe00000,0x00000000e0a80000)
 ParOldGen       total 76800K, used 29313K [0x0000000080000000, 0x0000000084b00000, 0x00000000d5580000)
  object space 76800K, 38% used [0x0000000080000000,0x0000000081ca0680,0x0000000084b00000)
 Metaspace       used 53076K, capacity 55108K, committed 55464K, reserved 1097728K
  class space    used 7044K, capacity 7482K, committed 7600K, reserved 1048576K

Card table byte_map: [0x00000000120e0000,0x00000000124f0000] byte_map_base: 0x0000000011ce0000

Marking Bits: (ParMarkBitMap*) 0x000000006604f030
 Begin Bits: [0x0000000012ba0000, 0x0000000014ba0000)
 End Bits:   [0x0000000014ba0000, 0x0000000016ba0000)

Polling page: 0x00000000029b0000

CodeCache: size=245760Kb used=15685Kb max_used=15699Kb free=230074Kb
 bounds [0x0000000002d20000, 0x0000000003c80000, 0x0000000011d20000]
 total_blobs=5362 nmethods=4597 adapters=676
 compilation: enabled

Compilation events (10 events):
Event: 19.711 Thread 0x0000000017956800 4968       3       com.google.common.util.concurrent.AbstractFuture::complete (104 bytes)
Event: 19.712 Thread 0x0000000017956800 nmethod 4968 0x0000000003c7c550 code [0x0000000003c7c720, 0x0000000003c7ced8]
Event: 19.731 Thread 0x0000000017956800 4969       3       java.util.Optional::orElse (16 bytes)
Event: 19.732 Thread 0x0000000017956800 nmethod 4969 0x0000000003c7d1d0 code [0x0000000003c7d320, 0x0000000003c7d4d0]
Event: 19.735 Thread 0x0000000017956800 4970       3       java.lang.String::lastIndexOf (151 bytes)
Event: 19.736 Thread 0x0000000017956800 nmethod 4970 0x0000000003c7d550 code [0x0000000003c7d700, 0x0000000003c7dc50]
Event: 19.853 Thread 0x0000000017956800 4973   !   3       com.sun.proxy.$Proxy14::annotationType (29 bytes)
Event: 19.854 Thread 0x0000000017956800 nmethod 4973 0x0000000003c7e0d0 code [0x0000000003c7e260, 0x0000000003c7e698]
Event: 19.892 Thread 0x0000000017956800 4974       3       org.gradle.api.internal.AbstractNamedDomainObjectContainer::maybeCreate (18 bytes)
Event: 19.893 Thread 0x0000000017956800 nmethod 4974 0x0000000003c7e850 code [0x0000000003c7ea00, 0x0000000003c7f0b8]

GC Heap History (10 events):
Event: 9.270 GC heap before
{Heap before GC invocations=9 (full 1):
 PSYoungGen      total 72704K, used 61952K [0x00000000d5580000, 0x00000000de280000, 0x0000000100000000)
  eden space 61952K, 100% used [0x00000000d5580000,0x00000000d9200000,0x00000000d9200000)
  from space 10752K, 0% used [0x00000000d9200000,0x00000000d9200000,0x00000000d9c80000)
  to   space 10240K, 0% used [0x00000000dd880000,0x00000000dd880000,0x00000000de280000)
 ParOldGen       total 49664K, used 7163K [0x0000000080000000, 0x0000000083080000, 0x00000000d5580000)
  object space 49664K, 14% used [0x0000000080000000,0x00000000806feef0,0x0000000083080000)
 Metaspace       used 28468K, capacity 29338K, committed 29616K, reserved 1075200K
  class space    used 3931K, capacity 4155K, committed 4272K, reserved 1048576K
Event: 9.295 GC heap after
Heap after GC invocations=9 (full 1):
 PSYoungGen      total 117760K, used 7959K [0x00000000d5580000, 0x00000000de080000, 0x0000000100000000)
  eden space 109568K, 0% used [0x00000000d5580000,0x00000000d5580000,0x00000000dc080000)
  from space 8192K, 97% used [0x00000000dd880000,0x00000000de045f48,0x00000000de080000)
  to   space 10752K, 0% used [0x00000000dcb80000,0x00000000dcb80000,0x00000000dd600000)
 ParOldGen       total 49664K, used 7171K [0x0000000080000000, 0x0000000083080000, 0x00000000d5580000)
  object space 49664K, 14% used [0x0000000080000000,0x0000000080700ef0,0x0000000083080000)
 Metaspace       used 28468K, capacity 29338K, committed 29616K, reserved 1075200K
  class space    used 3931K, capacity 4155K, committed 4272K, reserved 1048576K
}
Event: 11.562 GC heap before
{Heap before GC invocations=10 (full 1):
 PSYoungGen      total 117760K, used 106985K [0x00000000d5580000, 0x00000000de080000, 0x0000000100000000)
  eden space 109568K, 90% used [0x00000000d5580000,0x00000000db634640,0x00000000dc080000)
  from space 8192K, 97% used [0x00000000dd880000,0x00000000de045f48,0x00000000de080000)
  to   space 10752K, 0% used [0x00000000dcb80000,0x00000000dcb80000,0x00000000dd600000)
 ParOldGen       total 49664K, used 7171K [0x0000000080000000, 0x0000000083080000, 0x00000000d5580000)
  object space 49664K, 14% used [0x0000000080000000,0x0000000080700ef0,0x0000000083080000)
 Metaspace       used 34321K, capacity 35408K, committed 35496K, reserved 1079296K
  class space    used 4718K, capacity 5001K, committed 5040K, reserved 1048576K
Event: 11.609 GC heap after
Heap after GC invocations=10 (full 1):
 PSYoungGen      total 131584K, used 10738K [0x00000000d5580000, 0x00000000e0a80000, 0x0000000100000000)
  eden space 120832K, 0% used [0x00000000d5580000,0x00000000d5580000,0x00000000dcb80000)
  from space 10752K, 99% used [0x00000000dcb80000,0x00000000dd5fcbb0,0x00000000dd600000)
  to   space 12800K, 0% used [0x00000000dfe00000,0x00000000dfe00000,0x00000000e0a80000)
 ParOldGen       total 49664K, used 8311K [0x0000000080000000, 0x0000000083080000, 0x00000000d5580000)
  object space 49664K, 16% used [0x0000000080000000,0x000000008081de78,0x0000000083080000)
 Metaspace       used 34321K, capacity 35408K, committed 35496K, reserved 1079296K
  class space    used 4718K, capacity 5001K, committed 5040K, reserved 1048576K
}
Event: 11.609 GC heap before
{Heap before GC invocations=11 (full 2):
 PSYoungGen      total 131584K, used 10738K [0x00000000d5580000, 0x00000000e0a80000, 0x0000000100000000)
  eden space 120832K, 0% used [0x00000000d5580000,0x00000000d5580000,0x00000000dcb80000)
  from space 10752K, 99% used [0x00000000dcb80000,0x00000000dd5fcbb0,0x00000000dd600000)
  to   space 12800K, 0% used [0x00000000dfe00000,0x00000000dfe00000,0x00000000e0a80000)
 ParOldGen       total 49664K, used 8311K [0x0000000080000000, 0x0000000083080000, 0x00000000d5580000)
  object space 49664K, 16% used [0x0000000080000000,0x000000008081de78,0x0000000083080000)
 Metaspace       used 34321K, capacity 35408K, committed 35496K, reserved 1079296K
  class space    used 4718K, capacity 5001K, committed 5040K, reserved 1048576K
Event: 11.724 GC heap after
Heap after GC invocations=11 (full 2):
 PSYoungGen      total 131584K, used 0K [0x00000000d5580000, 0x00000000e0a80000, 0x0000000100000000)
  eden space 120832K, 0% used [0x00000000d5580000,0x00000000d5580000,0x00000000dcb80000)
  from space 10752K, 0% used [0x00000000dcb80000,0x00000000dcb80000,0x00000000dd600000)
  to   space 12800K, 0% used [0x00000000dfe00000,0x00000000dfe00000,0x00000000e0a80000)
 ParOldGen       total 76800K, used 18141K [0x0000000080000000, 0x0000000084b00000, 0x00000000d5580000)
  object space 76800K, 23% used [0x0000000080000000,0x00000000811b77f8,0x0000000084b00000)
 Metaspace       used 34321K, capacity 35408K, committed 35496K, reserved 1079296K
  class space    used 4718K, capacity 5001K, committed 5040K, reserved 1048576K
}
Event: 15.376 GC heap before
{Heap before GC invocations=12 (full 2):
 PSYoungGen      total 131584K, used 120832K [0x00000000d5580000, 0x00000000e0a80000, 0x0000000100000000)
  eden space 120832K, 100% used [0x00000000d5580000,0x00000000dcb80000,0x00000000dcb80000)
  from space 10752K, 0% used [0x00000000dcb80000,0x00000000dcb80000,0x00000000dd600000)
  to   space 12800K, 0% used [0x00000000dfe00000,0x00000000dfe00000,0x00000000e0a80000)
 ParOldGen       total 76800K, used 18141K [0x0000000080000000, 0x0000000084b00000, 0x00000000d5580000)
  object space 76800K, 23% used [0x0000000080000000,0x00000000811b77f8,0x0000000084b00000)
 Metaspace       used 38976K, capacity 40668K, committed 40872K, reserved 1085440K
  class space    used 5363K, capacity 5726K, committed 5808K, reserved 1048576K
Event: 15.404 GC heap after
Heap after GC invocations=12 (full 2):
 PSYoungGen      total 172544K, used 8615K [0x00000000d5580000, 0x00000000e0b00000, 0x0000000100000000)
  eden space 159744K, 0% used [0x00000000d5580000,0x00000000d5580000,0x00000000df180000)
  from space 12800K, 67% used [0x00000000dfe00000,0x00000000e0669fd0,0x00000000e0a80000)
  to   space 12800K, 0% used [0x00000000df180000,0x00000000df180000,0x00000000dfe00000)
 ParOldGen       total 76800K, used 18149K [0x0000000080000000, 0x0000000084b00000, 0x00000000d5580000)
  object space 76800K, 23% used [0x0000000080000000,0x00000000811b97f8,0x0000000084b00000)
 Metaspace       used 38976K, capacity 40668K, committed 40872K, reserved 1085440K
  class space    used 5363K, capacity 5726K, committed 5808K, reserved 1048576K
}
Event: 19.767 GC heap before
{Heap before GC invocations=13 (full 2):
 PSYoungGen      total 172544K, used 168359K [0x00000000d5580000, 0x00000000e0b00000, 0x0000000100000000)
  eden space 159744K, 100% used [0x00000000d5580000,0x00000000df180000,0x00000000df180000)
  from space 12800K, 67% used [0x00000000dfe00000,0x00000000e0669fd0,0x00000000e0a80000)
  to   space 12800K, 0% used [0x00000000df180000,0x00000000df180000,0x00000000dfe00000)
 ParOldGen       total 76800K, used 18149K [0x0000000080000000, 0x0000000084b00000, 0x00000000d5580000)
  object space 76800K, 23% used [0x0000000080000000,0x00000000811b97f8,0x0000000084b00000)
 Metaspace       used 52905K, capacity 54876K, committed 55080K, reserved 1097728K
  class space    used 7021K, capacity 7448K, committed 7472K, reserved 1048576K
Event: 19.816 GC heap after
Heap after GC invocations=13 (full 2):
 PSYoungGen      total 172544K, used 12777K [0x00000000d5580000, 0x00000000e0b00000, 0x0000000100000000)
  eden space 159744K, 0% used [0x00000000d5580000,0x00000000d5580000,0x00000000df180000)
  from space 12800K, 99% used [0x00000000df180000,0x00000000dfdfa7d0,0x00000000dfe00000)
  to   space 12800K, 0% used [0x00000000dfe00000,0x00000000dfe00000,0x00000000e0a80000)
 ParOldGen       total 76800K, used 29313K [0x0000000080000000, 0x0000000084b00000, 0x00000000d5580000)
  object space 76800K, 38% used [0x0000000080000000,0x0000000081ca0680,0x0000000084b00000)
 Metaspace       used 52905K, capacity 54876K, committed 55080K, reserved 1097728K
  class space    used 7021K, capacity 7448K, committed 7472K, reserved 1048576K
}

Deoptimization events (10 events):
Event: 18.796 Thread 0x000000001a0e1800 Uncommon trap: reason=bimorphic action=maybe_recompile pc=0x000000000322e0b0 method=java.util.Hashtable.get(Ljava/lang/Object;)Ljava/lang/Object; @ 6
Event: 18.796 Thread 0x000000001a0e1800 Uncommon trap: reason=bimorphic action=maybe_recompile pc=0x000000000322e0b0 method=java.util.Hashtable.get(Ljava/lang/Object;)Ljava/lang/Object; @ 6
Event: 18.825 Thread 0x000000001a0e1800 Uncommon trap: reason=unstable_if action=reinterpret pc=0x0000000002ef9954 method=java.lang.String.replace(CC)Ljava/lang/String; @ 2
Event: 18.830 Thread 0x000000001a0e1800 Uncommon trap: reason=bimorphic action=maybe_recompile pc=0x000000000392ea70 method=org.codehaus.groovy.runtime.metaclass.MetaMethodIndex.addMethodToList(Ljava/lang/Object;Lgroovy/lang/MetaMethod;)Ljava/lang/Object; @ 96
Event: 18.830 Thread 0x000000001a0e1800 Uncommon trap: reason=unstable_if action=reinterpret pc=0x000000000392e9b4 method=org.codehaus.groovy.runtime.metaclass.MetaMethodIndex.isNonRealMethod(Lgroovy/lang/MetaMethod;)Z @ 4
Event: 18.831 Thread 0x000000001a0e1800 Uncommon trap: reason=unstable_if action=reinterpret pc=0x000000000373da7c method=groovy.lang.MetaClassImpl$1MOPIter.methodNameAction(Ljava/lang/Class;Lorg/codehaus/groovy/runtime/metaclass/MetaMethodIndex$Entry;)V @ 182
Event: 19.012 Thread 0x000000001a0e1800 Uncommon trap: reason=unstable_if action=reinterpret pc=0x00000000030edf24 method=java.lang.String.lastIndexOf([CII[CIII)I @ 17
Event: 19.012 Thread 0x000000001a0e1800 Uncommon trap: reason=unstable_if action=reinterpret pc=0x00000000033e5a1c method=sun.net.www.protocol.jar.Handler.parseURL(Ljava/net/URL;Ljava/lang/String;II)V @ 116
Event: 19.432 Thread 0x000000001a0e1800 Uncommon trap: reason=null_check action=make_not_entrant pc=0x00000000034d78d0 method=java.lang.Class.searchMethods([Ljava/lang/reflect/Method;Ljava/lang/String;[Ljava/lang/Class;)Ljava/lang/reflect/Method; @ 59
Event: 19.597 Thread 0x000000001a0e1800 Uncommon trap: reason=unstable_if action=reinterpret pc=0x0000000003c607dc method=groovy.lang.MetaClassImpl.filterPropertyMethod(Ljava/lang/Object;ZZ)Ljava/lang/Object; @ 72

Classes redefined (0 events):
No events

Internal exceptions (10 events):
Event: 19.619 Thread 0x000000001a0e1800 Exception <a 'java/lang/ClassNotFoundException': java/lang/EnumCustomizer> (0x00000000deaa62a8) thrown at [C:\src\AOSP-openjdk-git\hotspot\src\share\vm\classfile\systemDictionary.cpp, line 210]
Event: 19.621 Thread 0x000000001a0e1800 Exception <a 'java/lang/ClassNotFoundException': org/gradle/api/JavaVersionCustomizer> (0x00000000deadce88) thrown at [C:\src\AOSP-openjdk-git\hotspot\src\share\vm\classfile\systemDictionary.cpp, line 210]
Event: 19.626 Thread 0x000000001a0e1800 Exception <a 'java/lang/ClassNotFoundException': com/android/build/gradle/internal/CompileOptions_DecoratedBeanInfo> (0x00000000deb47280) thrown at [C:\src\AOSP-openjdk-git\hotspot\src\share\vm\classfile\systemDictionary.cpp, line 210]
Event: 19.627 Thread 0x000000001a0e1800 Exception <a 'java/lang/ClassNotFoundException': com/android/build/gradle/internal/CompileOptionsBeanInfo> (0x00000000deb66f00) thrown at [C:\src\AOSP-openjdk-git\hotspot\src\share\vm\classfile\systemDictionary.cpp, line 210]
Event: 19.628 Thread 0x000000001a0e1800 Exception <a 'java/lang/ClassNotFoundException': com/android/build/gradle/internal/CompileOptionsCustomizer> (0x00000000deb86d78) thrown at [C:\src\AOSP-openjdk-git\hotspot\src\share\vm\classfile\systemDictionary.cpp, line 210]
Event: 19.630 Thread 0x000000001a0e1800 Exception <a 'java/lang/ClassNotFoundException': com/android/build/gradle/internal/CompileOptions_DecoratedCustomizer> (0x00000000debbd038) thrown at [C:\src\AOSP-openjdk-git\hotspot\src\share\vm\classfile\systemDictionary.cpp, line 210]
Event: 19.664 Thread 0x000000001a0e1800 Exception <a 'java/lang/ClassNotFoundException': org/jetbrains/kotlin/gradle/dsl/KotlinJvmOptionsImplBeanInfo> (0x00000000ded2acc0) thrown at [C:\src\AOSP-openjdk-git\hotspot\src\share\vm\classfile\systemDictionary.cpp, line 210]
Event: 19.665 Thread 0x000000001a0e1800 Exception <a 'java/lang/ClassNotFoundException': org/jetbrains/kotlin/gradle/dsl/KotlinJvmOptionsBaseBeanInfo> (0x00000000ded4b480) thrown at [C:\src\AOSP-openjdk-git\hotspot\src\share\vm\classfile\systemDictionary.cpp, line 210]
Event: 19.666 Thread 0x000000001a0e1800 Exception <a 'java/lang/ClassNotFoundException': org/jetbrains/kotlin/gradle/dsl/KotlinJvmOptionsBaseCustomizer> (0x00000000ded6c300) thrown at [C:\src\AOSP-openjdk-git\hotspot\src\share\vm\classfile\systemDictionary.cpp, line 210]
Event: 19.668 Thread 0x000000001a0e1800 Exception <a 'java/lang/ClassNotFoundException': org/jetbrains/kotlin/gradle/dsl/KotlinJvmOptionsImplCustomizer> (0x00000000dedadd68) thrown at [C:\src\AOSP-openjdk-git\hotspot\src\share\vm\classfile\systemDictionary.cpp, line 210]

Events (10 events):
Event: 19.879 loading class com/android/build/api/attributes/BuildTypeAttr$Companion
Event: 19.879 loading class com/android/build/api/attributes/BuildTypeAttr$Companion done
Event: 19.880 loading class org/apache/commons/lang/WordUtils
Event: 19.880 loading class org/apache/commons/lang/WordUtils done
Event: 19.887 loading class org/gradle/api/internal/model/NamedObjectInstantiator$ClassGeneratingLoader
Event: 19.887 loading class org/gradle/api/internal/model/NamedObjectInstantiator$ClassGeneratingLoader done
Event: 19.893 Thread 0x0000000017956800 flushing nmethod 0x0000000002ebb7d0
Event: 19.893 Thread 0x0000000017956800 flushing nmethod 0x0000000002ed88d0
Event: 19.893 Thread 0x0000000017956800 flushing nmethod 0x0000000002ee81d0
Event: 19.893 Thread 0x0000000017956800 flushing nmethod 0x0000000002f2df90


Dynamic libraries:
0x00007ff7fcc60000 - 0x00007ff7fcc91000 	C:\Program Files\Android\Android Studio\jre\bin\java.exe
0x00007ffa135e0000 - 0x00007ffa137d0000 	C:\WINDOWS\SYSTEM32\ntdll.dll
0x00007ffa131a0000 - 0x00007ffa13252000 	C:\WINDOWS\System32\KERNEL32.DLL
0x00007ffa11210000 - 0x00007ffa114b5000 	C:\WINDOWS\System32\KERNELBASE.dll
0x00007ffa0e580000 - 0x00007ffa0e60f000 	C:\WINDOWS\SYSTEM32\apphelp.dll
0x00007ffa12020000 - 0x00007ffa120c3000 	C:\WINDOWS\System32\ADVAPI32.dll
0x00007ffa12a50000 - 0x00007ffa12aee000 	C:\WINDOWS\System32\msvcrt.dll
0x00007ffa12e60000 - 0x00007ffa12ef7000 	C:\WINDOWS\System32\sechost.dll
0x00007ffa12ce0000 - 0x00007ffa12e00000 	C:\WINDOWS\System32\RPCRT4.dll
0x00007ffa13000000 - 0x00007ffa13195000 	C:\WINDOWS\System32\USER32.dll
0x00007ffa107c0000 - 0x00007ffa107e1000 	C:\WINDOWS\System32\win32u.dll
0x00007ffa12400000 - 0x00007ffa12426000 	C:\WINDOWS\System32\GDI32.dll
0x00007ffa108f0000 - 0x00007ffa10a86000 	C:\WINDOWS\System32\gdi32full.dll
0x00007ffa10700000 - 0x00007ffa1079e000 	C:\WINDOWS\System32\msvcp_win.dll
0x00007ffa107f0000 - 0x00007ffa108ea000 	C:\WINDOWS\System32\ucrtbase.dll
0x00007ff9fbb90000 - 0x00007ff9fbe14000 	C:\WINDOWS\WinSxS\amd64_microsoft.windows.common-controls_6595b64144ccf1df_6.0.18362.1082_none_9e8193e1e45b25c1\COMCTL32.dll
0x00007ffa13260000 - 0x00007ffa13595000 	C:\WINDOWS\System32\combase.dll
0x00007ffa10680000 - 0x00007ffa10700000 	C:\WINDOWS\System32\bcryptPrimitives.dll
0x00007ffa12a20000 - 0x00007ffa12a4e000 	C:\WINDOWS\System32\IMM32.DLL
0x00000000656c0000 - 0x0000000065792000 	C:\Program Files\Android\Android Studio\jre\jre\bin\msvcr100.dll
0x0000000065880000 - 0x00000000660cb000 	C:\Program Files\Android\Android Studio\jre\jre\bin\server\jvm.dll
0x00007ffa12010000 - 0x00007ffa12018000 	C:\WINDOWS\System32\PSAPI.DLL
0x00007ffa01e70000 - 0x00007ffa01e79000 	C:\WINDOWS\SYSTEM32\WSOCK32.dll
0x00007ffa0e420000 - 0x00007ffa0e444000 	C:\WINDOWS\SYSTEM32\WINMM.dll
0x00007ffa0e2f0000 - 0x00007ffa0e31d000 	C:\WINDOWS\SYSTEM32\WINMMBASE.dll
0x00007ffa09fc0000 - 0x00007ffa09fca000 	C:\WINDOWS\SYSTEM32\VERSION.dll
0x00007ffa12ba0000 - 0x00007ffa12c0f000 	C:\WINDOWS\System32\WS2_32.dll
0x00007ffa114c0000 - 0x00007ffa1150a000 	C:\WINDOWS\System32\cfgmgr32.dll
0x00007ffa0aff0000 - 0x00007ffa0afff000 	C:\Program Files\Android\Android Studio\jre\jre\bin\verify.dll
0x00007ffa01830000 - 0x00007ffa01859000 	C:\Program Files\Android\Android Studio\jre\jre\bin\java.dll
0x00007ffa09710000 - 0x00007ffa09726000 	C:\Program Files\Android\Android Studio\jre\jre\bin\zip.dll
0x00007ffa11710000 - 0x00007ffa11df7000 	C:\WINDOWS\System32\SHELL32.dll
0x00007ffa12af0000 - 0x00007ffa12b99000 	C:\WINDOWS\System32\shcore.dll
0x00007ffa10a90000 - 0x00007ffa11210000 	C:\WINDOWS\System32\windows.storage.dll
0x00007ffa10500000 - 0x00007ffa10523000 	C:\WINDOWS\System32\profapi.dll
0x00007ffa104b0000 - 0x00007ffa104fa000 	C:\WINDOWS\System32\powrprof.dll
0x00007ffa104a0000 - 0x00007ffa104b0000 	C:\WINDOWS\System32\UMPDC.dll
0x00007ffa12e00000 - 0x00007ffa12e52000 	C:\WINDOWS\System32\shlwapi.dll
0x00007ffa10530000 - 0x00007ffa10541000 	C:\WINDOWS\System32\kernel.appcore.dll
0x00007ffa107a0000 - 0x00007ffa107b7000 	C:\WINDOWS\System32\cryptsp.dll
0x00007ffa01540000 - 0x00007ffa0155a000 	C:\Program Files\Android\Android Studio\jre\jre\bin\net.dll
0x00007ffa0fc90000 - 0x00007ffa0fcf7000 	C:\WINDOWS\system32\mswsock.dll
0x00007ff9fda20000 - 0x00007ff9fda33000 	C:\Program Files\Android\Android Studio\jre\jre\bin\nio.dll
0x00007ff9fc5b0000 - 0x00007ff9fc5d7000 	C:\Users\dell\.gradle\native\f6784746aeab05261644944871eae4fe03e0ef1612fff0a4a95f87b438bc6780\windows-amd64\native-platform.dll
0x00007ffa09590000 - 0x00007ffa0959d000 	C:\Program Files\Android\Android Studio\jre\jre\bin\management.dll
0x00007ffa0f800000 - 0x00007ffa0f833000 	C:\WINDOWS\system32\rsaenh.dll
0x00007ffa11510000 - 0x00007ffa11536000 	C:\WINDOWS\System32\bcrypt.dll
0x00007ffa103c0000 - 0x00007ffa103e5000 	C:\WINDOWS\SYSTEM32\USERENV.dll
0x00007ffa0fe60000 - 0x00007ffa0fe6c000 	C:\WINDOWS\SYSTEM32\CRYPTBASE.dll
0x00007ffa0f9a0000 - 0x00007ffa0f9da000 	C:\WINDOWS\SYSTEM32\IPHLPAPI.DLL
0x00007ffa12ff0000 - 0x00007ffa12ff8000 	C:\WINDOWS\System32\NSI.dll
0x00007ffa01e50000 - 0x00007ffa01e66000 	C:\WINDOWS\SYSTEM32\dhcpcsvc6.DLL
0x00007ffa02260000 - 0x00007ffa0227c000 	C:\WINDOWS\SYSTEM32\dhcpcsvc.DLL
0x00007ffa0f9e0000 - 0x00007ffa0faab000 	C:\WINDOWS\SYSTEM32\DNSAPI.dll
0x00007ffa02710000 - 0x00007ffa0271b000 	C:\WINDOWS\SYSTEM32\WINNSI.DLL

VM Arguments:
jvm_args: -Xmx2048m -Dfile.encoding=UTF-8 -Duser.country=US -Duser.language=en -Duser.variant 
java_command: org.gradle.launcher.daemon.bootstrap.GradleDaemon 6.5
java_class_path (initial): C:\Users\dell\.gradle\wrapper\dists\gradle-6.5-bin\6nifqtx7604sqp1q6g8wikw7p\gradle-6.5\lib\gradle-launcher-6.5.jar
Launcher Type: SUN_STANDARD

Environment Variables:
PATH=C:\Visual8\Common7\IDE;C:\Visual8\VC\BIN;C:\Visual8\Common7\Tools;C:\Visual8\Com mon7\Tools\bin;C:\Visual8\VC\PlatformSDK\bin;C:\Visual8\SDK\v2.0\bin;C:\Windows\Micr osoft.NET\Framework\v2.0.50727;C:\Visual8\VC\VCPackages;C:\Visual8\SDK\v2.0\Bin;C:\Windows\Microsoft.NET\Framework\v2.0.50727;C:\Visual8\VC\bin;C:\Visual8\VC\vcpackages;C:\Program Files\nodejs\;C:\WINDOWS\system32;C:\WINDOWS;C:\WINDOWS\System32\Wbem;C:\WINDOWS\System32\WindowsPowerShell\v1.0\;C:\Program Files\PuTTY\;C:\Program Files\MIT\Kerberos\bin;C:\Python27;C:\Python27\Scripts\;C:\Program Files (x86)\Subversion\bin;C:\Python38;C:\Python38\Scripts\;C:\WINDOWS\System32\OpenSSH\;E:\ana\Lib\site-packages\onnx;E:\VIVADO\Vivado;C:\Users\dell\hls4ml\scripts;C:\msysgit\bin;C:\Program Files\Intel\WiFi\bin\;C:\Program Files\Common Files\Intel\WirelessCommon\;C:\Program Files\Java\jdk1.8.0_152\bin;C:\Users\dell\AppData\Local\Microsoft\WindowsApps;C:\Users\dell\AppData\Local\Programs\Microsoft VS Code\bin;C:\src\flutter\bin;E:\VIVADO\Vivado;C:\Users\dell\hls4ml\scripts;C:\msysgit\bin;C:\flutter\bin;C:\Program Files\Git\bin;C:\Users\dell\AppData\Local\Android\tools;C:\Users\dell\AppData\Local\Android\platform-tools
USERNAME=dell
OS=Windows_NT
PROCESSOR_IDENTIFIER=Intel64 Family 6 Model 78 Stepping 3, GenuineIntel



---------------  S Y S T E M  ---------------

OS: Windows 10.0 , 64 bit Build 18362 (10.0.18362.1082)

CPU:total 4 (initial active 4) (2 cores per cpu, 2 threads per core) family 6 model 78 stepping 3, cmov, cx8, fxsr, mmx, sse, sse2, sse3, ssse3, sse4.1, sse4.2, popcnt, avx, avx2, aes, clmul, erms, rtm, 3dnowpref, lzcnt, ht, tsc, tscinvbit, bmi1, bmi2, adx

Memory: 4k page, physical 8047076k(171404k free), swap 14191076k(5512k free)

vm_info: OpenJDK 64-Bit Server VM (25.242-b01) for windows-amd64 JRE (1.8.0_242-release-1644-b01), built by "builder" with MS VC++ 10.0 (VS2010)

time: Mon Nov 23 20:15:02 2020
timezone: Romance Standard Time
elapsed time: 19 seconds (0d 0h 0m 19s)

