#
# There is insufficient memory for the Java Runtime Environment to continue.
# Native memory allocation (malloc) failed to allocate 1047696 bytes for Chunk::new
# Possible reasons:
#   The system is out of physical RAM or swap space
#   The process is running with CompressedOops enabled, and the Java Heap may be blocking the growth of the native heap
# Possible solutions:
#   Reduce memory load on the system
#   Increase physical memory or swap space
#   Check if swap backing store is full
#   Decrease Java heap size (-Xmx/-Xms)
#   Decrease number of Java threads
#   Decrease Java thread stack sizes (-Xss)
#   Set larger code cache with -XX:ReservedCodeCacheSize=
#   JVM is running with Unscaled Compressed Oops mode in which the Java heap is
#     placed in the first 4GB address space. The Java Heap base address is the
#     maximum limit for the native heap growth. Please use -XX:HeapBaseMinAddress
#     to set the Java Heap base and to place the Java Heap above 4GB virtual address.
# This output file may be truncated or incomplete.
#
#  Out of Memory Error (allocation.cpp:389), pid=9144, tid=0x000000000000141c
#
# JRE version: OpenJDK Runtime Environment (8.0_242-b01) (build 1.8.0_242-release-1644-b01)
# Java VM: OpenJDK 64-Bit Server VM (25.242-b01 mixed mode windows-amd64 compressed oops)
# Failed to write core dump. Minidumps are not enabled by default on client versions of Windows
#

---------------  T H R E A D  ---------------

Current thread (0x00000000175c9800):  JavaThread "C2 CompilerThread0" daemon [_thread_in_native, id=5148, stack(0x0000000018c20000,0x0000000018d20000)]

Stack: [0x0000000018c20000,0x0000000018d20000]
[error occurred during error reporting (printing stack bounds), id 0xc0000005]

Native frames: (J=compiled Java code, j=interpreted, Vv=VM code, C=native code)


Current CompileTask:
C2:2153967 19912       4       com.android.tools.r8.graph.d0::a (69 bytes)


---------------  P R O C E S S  ---------------

Java Threads: ( => current thread )
  0x0000000020689800 JavaThread "ForkJoinPool-3-worker-0" daemon [_thread_blocked, id=21628, stack(0x0000000033c40000,0x0000000033d40000)]
  0x000000002068b000 JavaThread "ForkJoinPool-3-worker-3" daemon [_thread_blocked, id=12904, stack(0x0000000033b40000,0x0000000033c40000)]
  0x0000000020688800 JavaThread "ForkJoinPool-3-worker-2" daemon [_thread_blocked, id=22468, stack(0x0000000033a40000,0x0000000033b40000)]
  0x0000000020688000 JavaThread "ForkJoinPool-3-worker-1" daemon [_thread_blocked, id=22404, stack(0x0000000032560000,0x0000000032660000)]
  0x000000002067e000 JavaThread "stdout" [_thread_in_native, id=20900, stack(0x0000000030660000,0x0000000030760000)]
  0x0000000020684000 JavaThread "stderr" [_thread_in_native, id=23304, stack(0x0000000030560000,0x0000000030660000)]
  0x0000000020683800 JavaThread "stdout" [_thread_in_native, id=18384, stack(0x0000000030460000,0x0000000030560000)]
  0x0000000020681000 JavaThread "stderr" [_thread_in_native, id=23408, stack(0x0000000030360000,0x0000000030460000)]
  0x000000001a3af800 JavaThread "stdout" [_thread_in_native, id=13300, stack(0x0000000030260000,0x0000000030360000)]
  0x000000001a3a8000 JavaThread "stderr" [_thread_in_native, id=2848, stack(0x0000000030160000,0x0000000030260000)]
  0x000000001a3ac000 JavaThread "stdout" [_thread_in_native, id=2532, stack(0x0000000030060000,0x0000000030160000)]
  0x000000001a3ac800 JavaThread "stderr" [_thread_in_native, id=1692, stack(0x000000002ff60000,0x0000000030060000)]
  0x000000001a3ae000 JavaThread "pool-4-thread-1" [_thread_blocked, id=21056, stack(0x000000002fe60000,0x000000002ff60000)]
  0x000000001a3ab000 JavaThread "MarlinRenderer Disposer" daemon [_thread_blocked, id=2860, stack(0x000000002fd60000,0x000000002fe60000)]
  0x000000001a3a9800 JavaThread "Java2D Disposer" daemon [_thread_blocked, id=23300, stack(0x000000002fc60000,0x000000002fd60000)]
  0x000000001a3aa800 JavaThread "WorkerExecutor Queue Thread 4" [_thread_in_Java, id=16712, stack(0x000000002f760000,0x000000002f860000)]
  0x000000001a3ad800 JavaThread "WorkerExecutor Queue Thread 3" [_thread_blocked, id=12584, stack(0x000000002f660000,0x000000002f760000)]
  0x000000001a3a9000 JavaThread "WorkerExecutor Queue Thread 2" [_thread_blocked, id=21896, stack(0x000000002e510000,0x000000002e610000)]
  0x000000001a3a1800 JavaThread "WorkerExecutor Queue" [_thread_blocked, id=7540, stack(0x000000002da00000,0x000000002db00000)]
  0x000000001a3a3800 JavaThread "Cache worker for execution history cache (C:\Users\dell\Desktop\projects\Flutter-projects\FizzUpApp\.gradle\6.5\executionHistory)" [_thread_blocked, id=12556, stack(0x000000002d900000,0x000000002da00000)]
  0x000000001a3a4800 JavaThread "Execution worker for ':' Thread 3" [_thread_blocked, id=9564, stack(0x000000002d310000,0x000000002d410000)]
  0x000000001a3a5000 JavaThread "Execution worker for ':' Thread 2" [_thread_blocked, id=19204, stack(0x000000002bfe0000,0x000000002c0e0000)]
  0x000000001a3a3000 JavaThread "Execution worker for ':'" [_thread_blocked, id=11960, stack(0x0000000029d20000,0x0000000029e20000)]
  0x000000001a3a6000 JavaThread "Cache worker for file content cache (C:\Users\dell\Desktop\projects\Flutter-projects\FizzUpApp\.gradle\6.5\fileContent)" [_thread_blocked, id=13028, stack(0x0000000029c20000,0x0000000029d20000)]
  0x000000001a3a0800 JavaThread "Cache worker for Build Output Cleanup Cache (C:\Users\dell\Desktop\projects\Flutter-projects\FizzUpApp\.gradle\buildOutputCleanup)" [_thread_blocked, id=18480, stack(0x0000000029b20000,0x0000000029c20000)]
  0x000000001a3a7800 JavaThread "jar transforms Thread 228" [_thread_blocked, id=10088, stack(0x00000000298b0000,0x00000000299b0000)]
  0x000000001925c000 JavaThread "jar transforms Thread 227" [_thread_blocked, id=13388, stack(0x00000000297b0000,0x00000000298b0000)]
  0x000000001925c800 JavaThread "jar transforms Thread 226" [_thread_blocked, id=12452, stack(0x00000000296b0000,0x00000000297b0000)]
  0x000000001925b000 JavaThread "jar transforms Thread 225" [_thread_blocked, id=3912, stack(0x00000000295b0000,0x00000000296b0000)]
  0x000000001925a800 JavaThread "jar transforms Thread 224" [_thread_blocked, id=17380, stack(0x00000000294b0000,0x00000000295b0000)]
  0x000000001925f000 JavaThread "jar transforms Thread 223" [_thread_blocked, id=6444, stack(0x00000000293b0000,0x00000000294b0000)]
  0x000000001925d800 JavaThread "jar transforms Thread 222" [_thread_blocked, id=2400, stack(0x00000000292b0000,0x00000000293b0000)]
  0x000000001925e000 JavaThread "jar transforms Thread 221" [_thread_blocked, id=16356, stack(0x00000000291b0000,0x00000000292b0000)]
  0x0000000019259800 JavaThread "jar transforms Thread 220" [_thread_blocked, id=5156, stack(0x00000000290b0000,0x00000000291b0000)]
  0x0000000019252000 JavaThread "jar transforms Thread 219" [_thread_blocked, id=10048, stack(0x0000000028fb0000,0x00000000290b0000)]
  0x0000000019259000 JavaThread "jar transforms Thread 218" [_thread_blocked, id=19844, stack(0x0000000028eb0000,0x0000000028fb0000)]
  0x0000000019258000 JavaThread "jar transforms Thread 217" [_thread_blocked, id=740, stack(0x0000000028db0000,0x0000000028eb0000)]
  0x0000000019250800 JavaThread "jar transforms Thread 216" [_thread_blocked, id=6528, stack(0x0000000028cb0000,0x0000000028db0000)]
  0x0000000019257800 JavaThread "jar transforms Thread 215" [_thread_blocked, id=19760, stack(0x0000000028bb0000,0x0000000028cb0000)]
  0x0000000019250000 JavaThread "jar transforms Thread 214" [_thread_blocked, id=16000, stack(0x0000000028ab0000,0x0000000028bb0000)]
  0x0000000019256800 JavaThread "jar transforms Thread 213" [_thread_blocked, id=9956, stack(0x00000000289b0000,0x0000000028ab0000)]
  0x0000000019251800 JavaThread "jar transforms Thread 212" [_thread_blocked, id=8596, stack(0x00000000288b0000,0x00000000289b0000)]
  0x0000000019255000 JavaThread "jar transforms Thread 211" [_thread_blocked, id=1600, stack(0x00000000287b0000,0x00000000288b0000)]
  0x0000000019253000 JavaThread "jar transforms Thread 210" [_thread_blocked, id=15860, stack(0x00000000286b0000,0x00000000287b0000)]
  0x0000000019256000 JavaThread "jar transforms Thread 209" [_thread_blocked, id=9484, stack(0x00000000285b0000,0x00000000286b0000)]
  0x0000000019254800 JavaThread "jar transforms Thread 208" [_thread_blocked, id=22812, stack(0x00000000284b0000,0x00000000285b0000)]
  0x0000000019253800 JavaThread "jar transforms Thread 207" [_thread_blocked, id=15272, stack(0x00000000283b0000,0x00000000284b0000)]
  0x000000001e71d800 JavaThread "jar transforms Thread 206" [_thread_blocked, id=16524, stack(0x00000000282b0000,0x00000000283b0000)]
  0x000000001e71c800 JavaThread "jar transforms Thread 205" [_thread_blocked, id=7292, stack(0x00000000281b0000,0x00000000282b0000)]
  0x000000001e71c000 JavaThread "jar transforms Thread 204" [_thread_blocked, id=18872, stack(0x00000000280b0000,0x00000000281b0000)]
  0x000000001e717800 JavaThread "jar transforms Thread 203" [_thread_blocked, id=9320, stack(0x0000000027fb0000,0x00000000280b0000)]
  0x000000001e714800 JavaThread "jar transforms Thread 202" [_thread_blocked, id=18748, stack(0x0000000027eb0000,0x0000000027fb0000)]
  0x000000001e71b000 JavaThread "jar transforms Thread 201" [_thread_blocked, id=17480, stack(0x0000000027db0000,0x0000000027eb0000)]
  0x000000001e713800 JavaThread "jar transforms Thread 200" [_thread_blocked, id=9940, stack(0x0000000027cb0000,0x0000000027db0000)]
  0x000000001e71a800 JavaThread "jar transforms Thread 199" [_thread_blocked, id=9192, stack(0x0000000027bb0000,0x0000000027cb0000)]
  0x000000001e719800 JavaThread "jar transforms Thread 198" [_thread_blocked, id=15680, stack(0x0000000027ab0000,0x0000000027bb0000)]
  0x000000001e719000 JavaThread "jar transforms Thread 197" [_thread_blocked, id=14000, stack(0x00000000279b0000,0x0000000027ab0000)]
  0x000000001e716800 JavaThread "jar transforms Thread 196" [_thread_blocked, id=3864, stack(0x00000000278b0000,0x00000000279b0000)]
  0x000000001e718000 JavaThread "jar transforms Thread 195" [_thread_blocked, id=21620, stack(0x00000000277b0000,0x00000000278b0000)]
  0x000000001e70f000 JavaThread "jar transforms Thread 194" [_thread_blocked, id=4552, stack(0x00000000276b0000,0x00000000277b0000)]
  0x000000001e716000 JavaThread "jar transforms Thread 193" [_thread_blocked, id=9604, stack(0x00000000275b0000,0x00000000276b0000)]
  0x000000001e712000 JavaThread "jar transforms Thread 192" [_thread_blocked, id=18148, stack(0x00000000274b0000,0x00000000275b0000)]
  0x000000001e713000 JavaThread "jar transforms Thread 191" [_thread_blocked, id=15752, stack(0x00000000273b0000,0x00000000274b0000)]
  0x000000001e710000 JavaThread "jar transforms Thread 190" [_thread_blocked, id=1360, stack(0x00000000272b0000,0x00000000273b0000)]
  0x000000001e711800 JavaThread "jar transforms Thread 189" [_thread_blocked, id=23004, stack(0x00000000271b0000,0x00000000272b0000)]
  0x000000001e710800 JavaThread "jar transforms Thread 188" [_thread_blocked, id=8432, stack(0x00000000270b0000,0x00000000271b0000)]
  0x000000001e715000 JavaThread "jar transforms Thread 187" [_thread_blocked, id=15576, stack(0x0000000026fb0000,0x00000000270b0000)]
  0x000000001e70e800 JavaThread "jar transforms Thread 186" [_thread_blocked, id=19156, stack(0x0000000026eb0000,0x0000000026fb0000)]
  0x000000002b4b3800 JavaThread "jar transforms Thread 185" [_thread_blocked, id=22676, stack(0x0000000026db0000,0x0000000026eb0000)]
  0x000000002b4b3000 JavaThread "jar transforms Thread 184" [_thread_blocked, id=1136, stack(0x0000000026cb0000,0x0000000026db0000)]
  0x000000002b4b2000 JavaThread "jar transforms Thread 183" [_thread_blocked, id=23316, stack(0x0000000026bb0000,0x0000000026cb0000)]
  0x000000002b4b1800 JavaThread "jar transforms Thread 182" [_thread_blocked, id=14192, stack(0x0000000026ab0000,0x0000000026bb0000)]
  0x000000002b4b0000 JavaThread "jar transforms Thread 181" [_thread_blocked, id=2000, stack(0x00000000269b0000,0x0000000026ab0000)]
  0x000000002b4b0800 JavaThread "jar transforms Thread 180" [_thread_blocked, id=11352, stack(0x00000000268b0000,0x00000000269b0000)]
  0x000000002b4b4800 JavaThread "jar transforms Thread 179" [_thread_blocked, id=10764, stack(0x00000000267b0000,0x00000000268b0000)]
  0x000000002b4a8000 JavaThread "jar transforms Thread 178" [_thread_blocked, id=11120, stack(0x00000000266b0000,0x00000000267b0000)]
  0x000000002b4af000 JavaThread "jar transforms Thread 177" [_thread_blocked, id=14724, stack(0x00000000265b0000,0x00000000266b0000)]
  0x000000002b4ae000 JavaThread "jar transforms Thread 176" [_thread_blocked, id=19424, stack(0x00000000264b0000,0x00000000265b0000)]
  0x000000002b4a6800 JavaThread "jar transforms Thread 175" [_thread_blocked, id=16832, stack(0x00000000263b0000,0x00000000264b0000)]
  0x000000002b4ad800 JavaThread "jar transforms Thread 174" [_thread_blocked, id=18976, stack(0x00000000215c0000,0x00000000216c0000)]
  0x000000002b4a9000 JavaThread "jar transforms Thread 173" [_thread_blocked, id=20812, stack(0x00000000262b0000,0x00000000263b0000)]
  0x000000002b4ac800 JavaThread "jar transforms Thread 172" [_thread_blocked, id=10320, stack(0x00000000261b0000,0x00000000262b0000)]
  0x000000002b4a6000 JavaThread "jar transforms Thread 171" [_thread_blocked, id=20088, stack(0x00000000260b0000,0x00000000261b0000)]
  0x000000002b4ab000 JavaThread "jar transforms Thread 170" [_thread_blocked, id=8604, stack(0x0000000025fb0000,0x00000000260b0000)]
  0x000000002b4a7800 JavaThread "jar transforms Thread 169" [_thread_blocked, id=20916, stack(0x0000000025eb0000,0x0000000025fb0000)]
  0x000000002b4aa800 JavaThread "jar transforms Thread 168" [_thread_blocked, id=14520, stack(0x0000000025db0000,0x0000000025eb0000)]
  0x000000002b4a9800 JavaThread "jar transforms Thread 167" [_thread_blocked, id=240, stack(0x0000000025cb0000,0x0000000025db0000)]
  0x000000002b4ac000 JavaThread "jar transforms Thread 166" [_thread_blocked, id=18232, stack(0x0000000025bb0000,0x0000000025cb0000)]
  0x000000002b4a5000 JavaThread "jar transforms Thread 165" [_thread_blocked, id=12928, stack(0x0000000025ab0000,0x0000000025bb0000)]
  0x000000001e489000 JavaThread "jar transforms Thread 164" [_thread_blocked, id=18028, stack(0x00000000259b0000,0x0000000025ab0000)]
  0x000000001e488800 JavaThread "jar transforms Thread 163" [_thread_blocked, id=6884, stack(0x00000000258b0000,0x00000000259b0000)]
  0x000000001e487000 JavaThread "jar transforms Thread 162" [_thread_blocked, id=22624, stack(0x00000000257b0000,0x00000000258b0000)]
  0x000000001b2f1800 JavaThread "jar transforms Thread 161" [_thread_blocked, id=9980, stack(0x00000000256b0000,0x00000000257b0000)]
  0x000000001b2f0800 JavaThread "jar transforms Thread 160" [_thread_blocked, id=18376, stack(0x00000000255b0000,0x00000000256b0000)]
  0x000000001b2ef000 JavaThread "jar transforms Thread 159" [_thread_blocked, id=19664, stack(0x00000000254b0000,0x00000000255b0000)]
  0x000000001b2ee800 JavaThread "jar transforms Thread 158" [_thread_blocked, id=21924, stack(0x00000000253b0000,0x00000000254b0000)]
  0x000000001b2ed800 JavaThread "jar transforms Thread 157" [_thread_blocked, id=5060, stack(0x00000000252b0000,0x00000000253b0000)]
  0x000000001b2f0000 JavaThread "jar transforms Thread 156" [_thread_blocked, id=22808, stack(0x00000000251b0000,0x00000000252b0000)]
  0x000000001b2ea800 JavaThread "jar transforms Thread 155" [_thread_blocked, id=16936, stack(0x00000000250b0000,0x00000000251b0000)]
  0x000000001b2ed000 JavaThread "jar transforms Thread 154" [_thread_blocked, id=22660, stack(0x0000000024fb0000,0x00000000250b0000)]
  0x0000000019919000 JavaThread "jar transforms Thread 153" [_thread_blocked, id=11368, stack(0x0000000024eb0000,0x0000000024fb0000)]
  0x0000000019918000 JavaThread "jar transforms Thread 152" [_thread_blocked, id=21480, stack(0x0000000024db0000,0x0000000024eb0000)]
  0x0000000019917800 JavaThread "jar transforms Thread 151" [_thread_blocked, id=17864, stack(0x0000000024cb0000,0x0000000024db0000)]
  0x0000000019916000 JavaThread "jar transforms Thread 150" [_thread_blocked, id=9372, stack(0x0000000024bb0000,0x0000000024cb0000)]
  0x000000001991c000 JavaThread "jar transforms Thread 149" [_thread_blocked, id=12520, stack(0x0000000024ab0000,0x0000000024bb0000)]
  0x000000001990e800 JavaThread "jar transforms Thread 148" [_thread_blocked, id=4388, stack(0x00000000249b0000,0x0000000024ab0000)]
  0x0000000019910800 JavaThread "jar transforms Thread 147" [_thread_blocked, id=3244, stack(0x00000000248b0000,0x00000000249b0000)]
  0x0000000019910000 JavaThread "jar transforms Thread 146" [_thread_blocked, id=20752, stack(0x00000000247b0000,0x00000000248b0000)]
  0x000000001990d800 JavaThread "jar transforms Thread 145" [_thread_blocked, id=10616, stack(0x00000000246b0000,0x00000000247b0000)]
  0x000000001990f000 JavaThread "jar transforms Thread 144" [_thread_blocked, id=16856, stack(0x00000000245b0000,0x00000000246b0000)]
  0x0000000019914800 JavaThread "jar transforms Thread 143" [_thread_blocked, id=14828, stack(0x00000000244b0000,0x00000000245b0000)]
  0x000000001990d000 JavaThread "jar transforms Thread 142" [_thread_blocked, id=19748, stack(0x00000000243b0000,0x00000000244b0000)]
  0x0000000019913800 JavaThread "jar transforms Thread 141" [_thread_blocked, id=22472, stack(0x00000000242b0000,0x00000000243b0000)]
  0x0000000019912000 JavaThread "jar transforms Thread 140" [_thread_blocked, id=6436, stack(0x00000000241b0000,0x00000000242b0000)]
  0x0000000019911800 JavaThread "jar transforms Thread 139" [_thread_blocked, id=13144, stack(0x00000000240b0000,0x00000000241b0000)]
  0x0000000019913000 JavaThread "jar transforms Thread 138" [_thread_blocked, id=8972, stack(0x0000000023fb0000,0x00000000240b0000)]
  0x000000001b41e000 JavaThread "jar transforms Thread 137" [_thread_blocked, id=4408, stack(0x0000000023eb0000,0x0000000023fb0000)]
  0x000000001b41d800 JavaThread "jar transforms Thread 136" [_thread_blocked, id=14584, stack(0x0000000023db0000,0x0000000023eb0000)]
  0x000000001b41c800 JavaThread "jar transforms Thread 135" [_thread_blocked, id=1992, stack(0x0000000023cb0000,0x0000000023db0000)]
  0x000000001b41c000 JavaThread "jar transforms Thread 134" [_thread_blocked, id=14840, stack(0x0000000023bb0000,0x0000000023cb0000)]
  0x000000001b41f000 JavaThread "jar transforms Thread 133" [_thread_blocked, id=19392, stack(0x0000000023ab0000,0x0000000023bb0000)]
  0x000000001b420800 JavaThread "jar transforms Thread 132" [_thread_blocked, id=14444, stack(0x0000000022da0000,0x0000000022ea0000)]
  0x000000001b41f800 JavaThread "jar transforms Thread 131" [_thread_blocked, id=6736, stack(0x00000000224a0000,0x00000000225a0000)]
  0x000000001b414800 JavaThread "jar transforms Thread 130" [_thread_blocked, id=18156, stack(0x00000000223a0000,0x00000000224a0000)]
  0x000000001b41b000 JavaThread "jar transforms Thread 129" [_thread_blocked, id=18260, stack(0x00000000222a0000,0x00000000223a0000)]
  0x000000001b41a800 JavaThread "jar transforms Thread 128" [_thread_blocked, id=17804, stack(0x0000000021f00000,0x0000000022000000)]
  0x000000001b419800 JavaThread "jar transforms Thread 127" [_thread_blocked, id=19516, stack(0x0000000021e00000,0x0000000021f00000)]
  0x000000001b419000 JavaThread "jar transforms Thread 126" [_thread_blocked, id=13148, stack(0x0000000021d00000,0x0000000021e00000)]
  0x000000001b413800 JavaThread "jar transforms Thread 125" [_thread_blocked, id=20012, stack(0x0000000021c00000,0x0000000021d00000)]
  0x000000001b411000 JavaThread "jar transforms Thread 124" [_thread_blocked, id=8484, stack(0x0000000021b00000,0x0000000021c00000)]
  0x000000001b418000 JavaThread "jar transforms Thread 123" [_thread_blocked, id=6396, stack(0x0000000021a00000,0x0000000021b00000)]
  0x000000001b417800 JavaThread "jar transforms Thread 122" [_thread_blocked, id=6376, stack(0x0000000021900000,0x0000000021a00000)]
  0x000000001b412000 JavaThread "jar transforms Thread 121" [_thread_blocked, id=4776, stack(0x0000000021800000,0x0000000021900000)]
  0x000000001b416000 JavaThread "jar transforms Thread 120" [_thread_blocked, id=22792, stack(0x0000000021700000,0x0000000021800000)]
  0x000000001fe58800 JavaThread "jar transforms Thread 119" [_thread_blocked, id=11296, stack(0x00000000210a0000,0x00000000211a0000)]
  0x000000001fe5d000 JavaThread "jar transforms Thread 118" [_thread_blocked, id=3616, stack(0x00000000214c0000,0x00000000215c0000)]
  0x000000001fe5e800 JavaThread "jar transforms Thread 117" [_thread_blocked, id=12816, stack(0x00000000213c0000,0x00000000214c0000)]
  0x000000001fe5c800 JavaThread "jar transforms Thread 116" [_thread_blocked, id=21320, stack(0x00000000212c0000,0x00000000213c0000)]
  0x000000001fe5f800 JavaThread "jar transforms Thread 115" [_thread_blocked, id=14888, stack(0x00000000211c0000,0x00000000212c0000)]
  0x000000001fe5b800 JavaThread "Build operations Thread 4" [_thread_blocked, id=16256, stack(0x0000000020fa0000,0x00000000210a0000)]
  0x000000001fe5a000 JavaThread "Build operations Thread 3" [_thread_blocked, id=19360, stack(0x000000001fc40000,0x000000001fd40000)]
  0x000000001fe5b000 JavaThread "Build operations Thread 2" [_thread_blocked, id=9384, stack(0x000000001fb40000,0x000000001fc40000)]
  0x000000001fe59800 JavaThread "Build operations" [_thread_in_native, id=22096, stack(0x000000001fa40000,0x000000001fb40000)]
  0x000000001fe51000 JavaThread "Cache worker for cache directory md-rule (C:\Users\dell\.gradle\caches\6.5\md-rule)" [_thread_blocked, id=22460, stack(0x000000001f940000,0x000000001fa40000)]
  0x000000001fe58000 JavaThread "Cache worker for cache directory md-supplier (C:\Users\dell\.gradle\caches\6.5\md-supplier)" [_thread_blocked, id=14364, stack(0x000000001d0a0000,0x000000001d1a0000)]
  0x000000001fe50000 JavaThread "Cache worker for checksums cache (C:\Users\dell\Desktop\projects\Flutter-projects\FizzUpApp\.gradle\checksums)" [_thread_blocked, id=4052, stack(0x000000001cda0000,0x000000001cea0000)]
  0x000000001fe55800 JavaThread "Cache worker for file hash cache (C:\Users\dell\Desktop\projects\Flutter-projects\FizzUpApp\.gradle\6.5\fileHashes)" [_thread_blocked, id=18220, stack(0x000000001cca0000,0x000000001cda0000)]
  0x000000001fe53800 JavaThread "Thread-148" [_thread_blocked, id=23340, stack(0x000000001cba0000,0x000000001cca0000)]
  0x000000001fe57000 JavaThread "Stdin handler" [_thread_blocked, id=22180, stack(0x000000001caa0000,0x000000001cba0000)]
  0x000000001fe55000 JavaThread "Asynchronous log dispatcher for DefaultDaemonConnection: socket connection from /127.0.0.1:58988 to /127.0.0.1:59166" [_thread_blocked, id=18580, stack(0x000000001c460000,0x000000001c560000)]
  0x000000001fe54000 JavaThread "Daemon worker Thread 2" [_thread_blocked, id=11880, stack(0x000000001c360000,0x000000001c460000)]
  0x000000001fe52800 JavaThread "Cancel handler" [_thread_blocked, id=21732, stack(0x0000000000d60000,0x0000000000e60000)]
  0x000000001fe51800 JavaThread "Handler for socket connection from /127.0.0.1:58988 to /127.0.0.1:59166" [_thread_in_native, id=4028, stack(0x0000000000c40000,0x0000000000d40000)]
  0x000000001fe56800 JavaThread "Daemon Thread 2" [_thread_blocked, id=13180, stack(0x0000000000a30000,0x0000000000b30000)]
  0x000000001e485800 JavaThread "Memory manager" [_thread_blocked, id=18916, stack(0x000000002a620000,0x000000002a720000)]
  0x000000001991a800 JavaThread "Cache worker for file content cache (C:\Users\dell\.gradle\caches\6.5\fileContent)" [_thread_blocked, id=13264, stack(0x0000000022ca0000,0x0000000022da0000)]
  0x0000000019915000 JavaThread "Cache worker for execution history cache (C:\Users\dell\.gradle\caches\6.5\executionHistory)" [_thread_blocked, id=22592, stack(0x00000000227a0000,0x00000000228a0000)]
  0x000000001b2ec000 JavaThread "Cache worker for file hash cache (C:\Users\dell\.gradle\caches\6.5\fileHashes)" [_thread_blocked, id=13336, stack(0x000000001d6a0000,0x000000001d7a0000)]
  0x000000001b2eb000 JavaThread "File lock request listener" [_thread_in_native, id=17336, stack(0x000000001d5a0000,0x000000001d6a0000)]
  0x000000001b230800 JavaThread "Cache worker for journal cache (C:\Users\dell\.gradle\caches\journal-1)" [_thread_blocked, id=7884, stack(0x000000001d3a0000,0x000000001d4a0000)]
  0x00000000192f6800 JavaThread "Daemon periodic checks" [_thread_blocked, id=3564, stack(0x000000001c7a0000,0x000000001c8a0000)]
  0x000000001b0c2000 JavaThread "Incoming local TCP Connector on port 58988" [_thread_in_native, id=4364, stack(0x000000001c560000,0x000000001c660000)]
  0x000000001af46800 JavaThread "Daemon health stats" [_thread_blocked, id=13836, stack(0x000000001bf20000,0x000000001c020000)]
  0x0000000018f50800 JavaThread "Service Thread" daemon [_thread_blocked, id=5772, stack(0x0000000019320000,0x0000000019420000)]
  0x00000000175f3800 JavaThread "C1 CompilerThread2" daemon [_thread_blocked, id=20152, stack(0x0000000018e20000,0x0000000018f20000)]
  0x00000000175ce000 JavaThread "C2 CompilerThread1" daemon [_thread_in_native, id=17800, stack(0x0000000018d20000,0x0000000018e20000)]
=>0x00000000175c9800 JavaThread "C2 CompilerThread0" daemon [_thread_in_native, id=5148, stack(0x0000000018c20000,0x0000000018d20000)]
  0x00000000175c8000 JavaThread "Attach Listener" daemon [_thread_blocked, id=21580, stack(0x0000000018b20000,0x0000000018c20000)]
  0x00000000175c5000 JavaThread "Signal Dispatcher" daemon [_thread_blocked, id=22680, stack(0x0000000018a20000,0x0000000018b20000)]
  0x000000000299b800 JavaThread "Finalizer" daemon [_thread_blocked, id=6996, stack(0x0000000018820000,0x0000000018920000)]
  0x00000000175a9000 JavaThread "Reference Handler" daemon [_thread_blocked, id=19860, stack(0x0000000018720000,0x0000000018820000)]
  0x00000000028a2800 JavaThread "main" [_thread_blocked, id=8848, stack(0x0000000002760000,0x0000000002860000)]

Other Threads:
  0x0000000017586000 VMThread [stack: 0x0000000018620000,0x0000000018720000] [id=14496]
  0x0000000018f71800 WatcherThread [stack: 0x0000000019420000,0x0000000019520000] [id=12564]

VM state:not at safepoint (normal execution)

VM Mutex/Monitor currently owned by a thread: None

heap address: 0x0000000080000000, size: 2048 MB, Compressed Oops mode: 32-bit
Narrow klass base: 0x0000000000000000, Narrow klass shift: 3
Compressed class space size: 1073741824 Address: 0x0000000100000000

Heap:
 PSYoungGen      total 387072K, used 136795K [0x00000000d5580000, 0x00000000f0080000, 0x0000000100000000)
  eden space 345600K, 27% used [0x00000000d5580000,0x00000000db29d528,0x00000000ea700000)
  from space 41472K, 99% used [0x00000000ea700000,0x00000000ecf796e8,0x00000000ecf80000)
  to   space 41472K, 0% used [0x00000000ecf80000,0x00000000ecf80000,0x00000000ef800000)
 ParOldGen       total 184832K, used 116451K [0x0000000080000000, 0x000000008b480000, 0x00000000d5580000)
  object space 184832K, 63% used [0x0000000080000000,0x00000000871b8dc8,0x000000008b480000)
 Metaspace       used 112744K, capacity 118886K, committed 118988K, reserved 1153024K
  class space    used 14617K, capacity 15794K, committed 15872K, reserved 1048576K

Card table byte_map: [0x0000000011d60000,0x0000000012170000] byte_map_base: 0x0000000011960000

Marking Bits: (ParMarkBitMap*) 0x000000006604f030
 Begin Bits: [0x0000000012820000, 0x0000000014820000)
 End Bits:   [0x0000000014820000, 0x0000000016820000)

Polling page: 0x0000000000ed0000

CodeCache: size=245760Kb used=56569Kb max_used=58422Kb free=189190Kb
 bounds [0x00000000029a0000, 0x00000000062f0000, 0x00000000119a0000]
 total_blobs=17664 nmethods=16621 adapters=952
 compilation: enabled

Compilation events (10 events):
Event: 2153.885 Thread 0x00000000175f3800 19963       2       com.android.tools.r8.dex.P$g$$Lambda$1233/1645060961::get$Lambda (9 bytes)
Event: 2153.885 Thread 0x00000000175f3800 nmethod 19963 0x00000000052cdcd0 code [0x00000000052cde20, 0x00000000052cdfb0]
Event: 2153.885 Thread 0x00000000175f3800 19964       2       com.android.tools.r8.dex.P$g$$Lambda$1233/1645060961::<init> (10 bytes)
Event: 2153.885 Thread 0x00000000175f3800 nmethod 19964 0x0000000005539d10 code [0x0000000005539e60, 0x0000000005539fd0]
Event: 2153.907 Thread 0x00000000175f3800 19967       1       org.gradle.internal.fingerprint.impl.AbsolutePathFingerprintingStrategy::getHashingStrategy (4 bytes)
Event: 2153.907 Thread 0x00000000175f3800 nmethod 19967 0x00000000055a7e10 code [0x00000000055a7f60, 0x00000000055a8070]
Event: 2153.937 Thread 0x00000000175f3800 19968       1       com.android.tools.r8.code.T::a (1 bytes)
Event: 2153.937 Thread 0x00000000175f3800 nmethod 19968 0x0000000005633450 code [0x00000000056335a0, 0x00000000056336b0]
Event: 2153.946 Thread 0x00000000175f3800 19969       2       org.gradle.internal.logging.slf4j.OutputEventListenerBackedLogger::debug (19 bytes)
Event: 2153.947 Thread 0x00000000175f3800 nmethod 19969 0x0000000005766410 code [0x00000000057665a0, 0x0000000005766978]

GC Heap History (10 events):
Event: 33.071 GC heap before
{Heap before GC invocations=19 (full 3):
 PSYoungGen      total 261120K, used 117438K [0x00000000d5580000, 0x00000000eb980000, 0x0000000100000000)
  eden space 233984K, 38% used [0x00000000d5580000,0x00000000dadb19e8,0x00000000e3a00000)
  from space 27136K, 99% used [0x00000000e3a00000,0x00000000e547df28,0x00000000e5480000)
  to   space 35328K, 0% used [0x00000000e9700000,0x00000000e9700000,0x00000000eb980000)
 ParOldGen       total 116736K, used 50352K [0x0000000080000000, 0x0000000087200000, 0x00000000d5580000)
  object space 116736K, 43% used [0x0000000080000000,0x000000008312c0a0,0x0000000087200000)
 Metaspace       used 93705K, capacity 98354K, committed 98380K, reserved 1134592K
  class space    used 12476K, capacity 13432K, committed 13440K, reserved 1048576K
Event: 33.170 GC heap after
Heap after GC invocations=19 (full 3):
 PSYoungGen      total 330240K, used 17312K [0x00000000d5580000, 0x00000000ec080000, 0x0000000100000000)
  eden space 294912K, 0% used [0x00000000d5580000,0x00000000d5580000,0x00000000e7580000)
  from space 35328K, 49% used [0x00000000e9700000,0x00000000ea7e8230,0x00000000eb980000)
  to   space 34304K, 0% used [0x00000000e7580000,0x00000000e7580000,0x00000000e9700000)
 ParOldGen       total 116736K, used 68825K [0x0000000080000000, 0x0000000087200000, 0x00000000d5580000)
  object space 116736K, 58% used [0x0000000080000000,0x0000000084336568,0x0000000087200000)
 Metaspace       used 93705K, capacity 98354K, committed 98380K, reserved 1134592K
  class space    used 12476K, capacity 13432K, committed 13440K, reserved 1048576K
}
Event: 33.170 GC heap before
{Heap before GC invocations=20 (full 4):
 PSYoungGen      total 330240K, used 17312K [0x00000000d5580000, 0x00000000ec080000, 0x0000000100000000)
  eden space 294912K, 0% used [0x00000000d5580000,0x00000000d5580000,0x00000000e7580000)
  from space 35328K, 49% used [0x00000000e9700000,0x00000000ea7e8230,0x00000000eb980000)
  to   space 34304K, 0% used [0x00000000e7580000,0x00000000e7580000,0x00000000e9700000)
 ParOldGen       total 116736K, used 68825K [0x0000000080000000, 0x0000000087200000, 0x00000000d5580000)
  object space 116736K, 58% used [0x0000000080000000,0x0000000084336568,0x0000000087200000)
 Metaspace       used 93705K, capacity 98354K, committed 98380K, reserved 1134592K
  class space    used 12476K, capacity 13432K, committed 13440K, reserved 1048576K
Event: 33.486 GC heap after
Heap after GC invocations=20 (full 4):
 PSYoungGen      total 330240K, used 0K [0x00000000d5580000, 0x00000000ec080000, 0x0000000100000000)
  eden space 294912K, 0% used [0x00000000d5580000,0x00000000d5580000,0x00000000e7580000)
  from space 35328K, 0% used [0x00000000e9700000,0x00000000e9700000,0x00000000eb980000)
  to   space 34304K, 0% used [0x00000000e7580000,0x00000000e7580000,0x00000000e9700000)
 ParOldGen       total 184832K, used 67083K [0x0000000080000000, 0x000000008b480000, 0x00000000d5580000)
  object space 184832K, 36% used [0x0000000080000000,0x0000000084182e98,0x000000008b480000)
 Metaspace       used 93564K, capacity 97920K, committed 98380K, reserved 1134592K
  class space    used 12432K, capacity 13329K, committed 13440K, reserved 1048576K
}
Event: 2129.418 GC heap before
{Heap before GC invocations=21 (full 4):
 PSYoungGen      total 330240K, used 294283K [0x00000000d5580000, 0x00000000ec080000, 0x0000000100000000)
  eden space 294912K, 99% used [0x00000000d5580000,0x00000000e74e2ef8,0x00000000e7580000)
  from space 35328K, 0% used [0x00000000e9700000,0x00000000e9700000,0x00000000eb980000)
  to   space 34304K, 0% used [0x00000000e7580000,0x00000000e7580000,0x00000000e9700000)
 ParOldGen       total 184832K, used 67083K [0x0000000080000000, 0x000000008b480000, 0x00000000d5580000)
  object space 184832K, 36% used [0x0000000080000000,0x0000000084182e98,0x000000008b480000)
 Metaspace       used 101036K, capacity 105760K, committed 106060K, reserved 1140736K
  class space    used 13130K, capacity 14093K, committed 14208K, reserved 1048576K
Event: 2129.817 GC heap after
Heap after GC invocations=21 (full 4):
 PSYoungGen      total 329216K, used 34273K [0x00000000d5580000, 0x00000000ef800000, 0x0000000100000000)
  eden space 294912K, 0% used [0x00000000d5580000,0x00000000d5580000,0x00000000e7580000)
  from space 34304K, 99% used [0x00000000e7580000,0x00000000e96f8508,0x00000000e9700000)
  to   space 41472K, 0% used [0x00000000ecf80000,0x00000000ecf80000,0x00000000ef800000)
 ParOldGen       total 184832K, used 71569K [0x0000000080000000, 0x000000008b480000, 0x00000000d5580000)
  object space 184832K, 38% used [0x0000000080000000,0x00000000845e4798,0x000000008b480000)
 Metaspace       used 101036K, capacity 105760K, committed 106060K, reserved 1140736K
  class space    used 13130K, capacity 14093K, committed 14208K, reserved 1048576K
}
Event: 2141.956 GC heap before
{Heap before GC invocations=22 (full 4):
 PSYoungGen      total 329216K, used 329185K [0x00000000d5580000, 0x00000000ef800000, 0x0000000100000000)
  eden space 294912K, 100% used [0x00000000d5580000,0x00000000e7580000,0x00000000e7580000)
  from space 34304K, 99% used [0x00000000e7580000,0x00000000e96f8508,0x00000000e9700000)
  to   space 41472K, 0% used [0x00000000ecf80000,0x00000000ecf80000,0x00000000ef800000)
 ParOldGen       total 184832K, used 71569K [0x0000000080000000, 0x000000008b480000, 0x00000000d5580000)
  object space 184832K, 38% used [0x0000000080000000,0x00000000845e4798,0x000000008b480000)
 Metaspace       used 110359K, capacity 115918K, committed 116044K, reserved 1150976K
  class space    used 14364K, capacity 15468K, committed 15488K, reserved 1048576K
Event: 2142.464 GC heap after
Heap after GC invocations=22 (full 4):
 PSYoungGen      total 387072K, used 24020K [0x00000000d5580000, 0x00000000f0080000, 0x0000000100000000)
  eden space 345600K, 0% used [0x00000000d5580000,0x00000000d5580000,0x00000000ea700000)
  from space 41472K, 57% used [0x00000000ecf80000,0x00000000ee6f5248,0x00000000ef800000)
  to   space 41472K, 0% used [0x00000000ea700000,0x00000000ea700000,0x00000000ecf80000)
 ParOldGen       total 184832K, used 98269K [0x0000000080000000, 0x000000008b480000, 0x00000000d5580000)
  object space 184832K, 53% used [0x0000000080000000,0x0000000085ff77a0,0x000000008b480000)
 Metaspace       used 110359K, capacity 115918K, committed 116044K, reserved 1150976K
  class space    used 14364K, capacity 15468K, committed 15488K, reserved 1048576K
}
Event: 2150.565 GC heap before
{Heap before GC invocations=23 (full 4):
 PSYoungGen      total 387072K, used 369620K [0x00000000d5580000, 0x00000000f0080000, 0x0000000100000000)
  eden space 345600K, 100% used [0x00000000d5580000,0x00000000ea700000,0x00000000ea700000)
  from space 41472K, 57% used [0x00000000ecf80000,0x00000000ee6f5248,0x00000000ef800000)
  to   space 41472K, 0% used [0x00000000ea700000,0x00000000ea700000,0x00000000ecf80000)
 ParOldGen       total 184832K, used 98269K [0x0000000080000000, 0x000000008b480000, 0x00000000d5580000)
  object space 184832K, 53% used [0x0000000080000000,0x0000000085ff77a0,0x000000008b480000)
 Metaspace       used 112583K, capacity 118658K, committed 118988K, reserved 1153024K
  class space    used 14611K, capacity 15788K, committed 15872K, reserved 1048576K
Event: 2151.020 GC heap after
Heap after GC invocations=23 (full 4):
 PSYoungGen      total 387072K, used 41445K [0x00000000d5580000, 0x00000000f0080000, 0x0000000100000000)
  eden space 345600K, 0% used [0x00000000d5580000,0x00000000d5580000,0x00000000ea700000)
  from space 41472K, 99% used [0x00000000ea700000,0x00000000ecf796e8,0x00000000ecf80000)
  to   space 41472K, 0% used [0x00000000ecf80000,0x00000000ecf80000,0x00000000ef800000)
 ParOldGen       total 184832K, used 116451K [0x0000000080000000, 0x000000008b480000, 0x00000000d5580000)
  object space 184832K, 63% used [0x0000000080000000,0x00000000871b8dc8,0x000000008b480000)
 Metaspace       used 112583K, capacity 118658K, committed 118988K, reserved 1153024K
  class space    used 14611K, capacity 15788K, committed 15872K, reserved 1048576K
}

Deoptimization events (10 events):
Event: 2153.486 Thread 0x000000001a3aa800 Uncommon trap: reason=unstable_if action=reinterpret pc=0x000000000456bf44 method=com.android.tools.r8.dex.P$c.a(Ljava/util/Map;Lcom/android/tools/r8/graph/f0;Lcom/android/tools/r8/graph/f0;)I @ 38
Event: 2153.598 Thread 0x000000001a3a3000 Uncommon trap: reason=array_check action=maybe_recompile pc=0x000000000604e240 method=java.util.TimSort.reverseRange([Ljava/lang/Object;II)V @ 20
Event: 2153.598 Thread 0x000000001a3a3000 Uncommon trap: reason=array_check action=maybe_recompile pc=0x000000000604e240 method=java.util.TimSort.reverseRange([Ljava/lang/Object;II)V @ 20
Event: 2153.708 Thread 0x000000001fe5b000 Uncommon trap: reason=class_check action=maybe_recompile pc=0x00000000050f8a98 method=com.sun.org.apache.xerces.internal.impl.XMLEntityManager.setProperty(Ljava/lang/String;Ljava/lang/Object;)V @ 102
Event: 2153.713 Thread 0x000000001fe5b000 Uncommon trap: reason=class_check action=maybe_recompile pc=0x00000000050b7b30 method=com.sun.org.apache.xerces.internal.parsers.AbstractSAXParser.characters(Lcom/sun/org/apache/xerces/internal/xni/XMLString;Lcom/sun/org/apache/xerces/internal/xni/Augment
Event: 2153.713 Thread 0x000000001fe5b000 Uncommon trap: reason=class_check action=maybe_recompile pc=0x00000000050b7b30 method=com.sun.org.apache.xerces.internal.parsers.AbstractSAXParser.characters(Lcom/sun/org/apache/xerces/internal/xni/XMLString;Lcom/sun/org/apache/xerces/internal/xni/Augment
Event: 2153.835 Thread 0x000000001a3aa800 Uncommon trap: reason=unstable_if action=reinterpret pc=0x0000000004692114 method=com.android.tools.r8.graph.G.collectIndexedItems(Lcom/android/tools/r8/dex/v;Lcom/android/tools/r8/graph/d0;I)V @ 142
Event: 2153.958 Thread 0x000000001fe59800 Uncommon trap: reason=class_check action=maybe_recompile pc=0x00000000050f8a98 method=com.sun.org.apache.xerces.internal.impl.XMLEntityManager.setProperty(Ljava/lang/String;Ljava/lang/Object;)V @ 102
Event: 2153.959 Thread 0x000000001fe59800 Uncommon trap: reason=class_check action=maybe_recompile pc=0x00000000050b7b30 method=com.sun.org.apache.xerces.internal.parsers.AbstractSAXParser.characters(Lcom/sun/org/apache/xerces/internal/xni/XMLString;Lcom/sun/org/apache/xerces/internal/xni/Augment
Event: 2153.959 Thread 0x000000001fe59800 Uncommon trap: reason=class_check action=maybe_recompile pc=0x00000000050b7b30 method=com.sun.org.apache.xerces.internal.parsers.AbstractSAXParser.characters(Lcom/sun/org/apache/xerces/internal/xni/XMLString;Lcom/sun/org/apache/xerces/internal/xni/Augment

Classes redefined (0 events):
No events

Internal exceptions (10 events):
Event: 2148.016 Thread 0x000000001a3a4800 Exception <a 'java/lang/NoSuchMethodError': <clinit>> (0x00000000e46ce558) thrown at [C:\src\AOSP-openjdk-git\hotspot\src\share\vm\prims\jni.cpp, line 1615]
Event: 2148.702 Thread 0x000000001a3aa800 Exception <a 'sun/nio/fs/WindowsException'> (0x00000000e5127c90) thrown at [C:\src\AOSP-openjdk-git\hotspot\src\share\vm\prims\jni.cpp, line 710]
Event: 2149.834 Thread 0x000000002068b000 Implicit null exception at 0x00000000036a28ef to 0x00000000036a29e1
Event: 2149.834 Thread 0x0000000020688800 Implicit null exception at 0x00000000036a28ef to 0x00000000036a29e1
Event: 2149.834 Thread 0x0000000020688000 Implicit null exception at 0x00000000036a28ef to 0x00000000036a29e1
Event: 2153.596 Thread 0x000000001a3a3000 Exception <a 'java/lang/NoSuchMethodError': <clinit>> (0x00000000d9873e88) thrown at [C:\src\AOSP-openjdk-git\hotspot\src\share\vm\prims\jni.cpp, line 1615]
Event: 2153.598 Thread 0x000000001a3a3000 Exception <a 'java/lang/NoSuchMethodError': <clinit>> (0x00000000d9875800) thrown at [C:\src\AOSP-openjdk-git\hotspot\src\share\vm\prims\jni.cpp, line 1615]
Event: 2153.598 Thread 0x000000001a3a3000 Exception <a 'java/lang/NoSuchMethodError': <clinit>> (0x00000000d987b938) thrown at [C:\src\AOSP-openjdk-git\hotspot\src\share\vm\prims\jni.cpp, line 1615]
Event: 2153.600 Thread 0x000000001a3a3000 Exception <a 'java/lang/NoSuchMethodError': <clinit>> (0x00000000d98906d0) thrown at [C:\src\AOSP-openjdk-git\hotspot\src\share\vm\prims\jni.cpp, line 1615]
Event: 2153.600 Thread 0x000000001a3a3000 Exception <a 'java/lang/NoSuchMethodError': <clinit>> (0x00000000d98919f0) thrown at [C:\src\AOSP-openjdk-git\hotspot\src\share\vm\prims\jni.cpp, line 1615]

Events (10 events):
Event: 2153.958 Thread 0x000000001fe59800 DEOPT PACKING pc=0x00000000050f8a98 sp=0x000000001fb3b840
Event: 2153.959 Thread 0x000000001fe59800 DEOPT UNPACKING pc=0x00000000029e557b sp=0x000000001fb3b798 mode 2
Event: 2153.959 Thread 0x000000001fe59800 Uncommon trap: trap_request=0xffffffde fr.pc=0x00000000050b7b30
Event: 2153.959 Thread 0x000000001fe59800 DEOPT PACKING pc=0x00000000050b7b30 sp=0x000000001fb3b600
Event: 2153.959 Thread 0x000000001fe59800 DEOPT UNPACKING pc=0x00000000029e557b sp=0x000000001fb3b5d0 mode 2
Event: 2153.959 Thread 0x000000001fe59800 Uncommon trap: trap_request=0xffffffde fr.pc=0x00000000050b7b30
Event: 2153.959 Thread 0x000000001fe59800 DEOPT PACKING pc=0x00000000050b7b30 sp=0x000000001fb3b600
Event: 2153.959 Thread 0x000000001fe59800 DEOPT UNPACKING pc=0x00000000029e557b sp=0x000000001fb3b5d0 mode 2
Event: 2153.960 loading class com/android/ide/common/symbols/SymbolIo
Event: 2153.960 loading class com/android/ide/common/symbols/SymbolIo done


Dynamic libraries:
0x00007ff6087f0000 - 0x00007ff608821000 	C:\Program Files\Android\Android Studio\jre\bin\java.exe
0x00007ffa135e0000 - 0x00007ffa137d0000 	C:\WINDOWS\SYSTEM32\ntdll.dll
0x00007ffa131a0000 - 0x00007ffa13252000 	C:\WINDOWS\System32\KERNEL32.DLL
0x00007ffa11210000 - 0x00007ffa114b5000 	C:\WINDOWS\System32\KERNELBASE.dll
0x00007ffa12020000 - 0x00007ffa120c3000 	C:\WINDOWS\System32\ADVAPI32.dll
0x00007ffa12a50000 - 0x00007ffa12aee000 	C:\WINDOWS\System32\msvcrt.dll
0x00007ffa12e60000 - 0x00007ffa12ef7000 	C:\WINDOWS\System32\sechost.dll
0x00007ffa12ce0000 - 0x00007ffa12e00000 	C:\WINDOWS\System32\RPCRT4.dll
0x00007ffa13000000 - 0x00007ffa13195000 	C:\WINDOWS\System32\USER32.dll
0x00007ffa107c0000 - 0x00007ffa107e1000 	C:\WINDOWS\System32\win32u.dll
0x00007ffa12400000 - 0x00007ffa12426000 	C:\WINDOWS\System32\GDI32.dll
0x00007ffa108f0000 - 0x00007ffa10a86000 	C:\WINDOWS\System32\gdi32full.dll
0x00007ffa10700000 - 0x00007ffa1079e000 	C:\WINDOWS\System32\msvcp_win.dll
0x00007ffa107f0000 - 0x00007ffa108ea000 	C:\WINDOWS\System32\ucrtbase.dll
0x00007ff9fbb90000 - 0x00007ff9fbe14000 	C:\WINDOWS\WinSxS\amd64_microsoft.windows.common-controls_6595b64144ccf1df_6.0.18362.1082_none_9e8193e1e45b25c1\COMCTL32.dll
0x00007ffa13260000 - 0x00007ffa13595000 	C:\WINDOWS\System32\combase.dll
0x00007ffa10680000 - 0x00007ffa10700000 	C:\WINDOWS\System32\bcryptPrimitives.dll
0x00007ffa12a20000 - 0x00007ffa12a4e000 	C:\WINDOWS\System32\IMM32.DLL
0x0000000065490000 - 0x0000000065562000 	C:\Program Files\Android\Android Studio\jre\jre\bin\msvcr100.dll
0x0000000065880000 - 0x00000000660cb000 	C:\Program Files\Android\Android Studio\jre\jre\bin\server\jvm.dll
0x00007ffa12010000 - 0x00007ffa12018000 	C:\WINDOWS\System32\PSAPI.DLL
0x00007ffa01e70000 - 0x00007ffa01e79000 	C:\WINDOWS\SYSTEM32\WSOCK32.dll
0x00007ffa09fc0000 - 0x00007ffa09fca000 	C:\WINDOWS\SYSTEM32\VERSION.dll
0x00007ffa0e420000 - 0x00007ffa0e444000 	C:\WINDOWS\SYSTEM32\WINMM.dll
0x00007ffa0e2f0000 - 0x00007ffa0e31d000 	C:\WINDOWS\SYSTEM32\WINMMBASE.dll
0x00007ffa114c0000 - 0x00007ffa1150a000 	C:\WINDOWS\System32\cfgmgr32.dll
0x00007ffa12ba0000 - 0x00007ffa12c0f000 	C:\WINDOWS\System32\WS2_32.dll
0x00007ffa095d0000 - 0x00007ffa095df000 	C:\Program Files\Android\Android Studio\jre\jre\bin\verify.dll
0x00007ffa095a0000 - 0x00007ffa095c9000 	C:\Program Files\Android\Android Studio\jre\jre\bin\java.dll
0x00007ffa01840000 - 0x00007ffa01856000 	C:\Program Files\Android\Android Studio\jre\jre\bin\zip.dll
0x00007ffa11710000 - 0x00007ffa11df7000 	C:\WINDOWS\System32\SHELL32.dll
0x00007ffa12af0000 - 0x00007ffa12b99000 	C:\WINDOWS\System32\shcore.dll
0x00007ffa10a90000 - 0x00007ffa11210000 	C:\WINDOWS\System32\windows.storage.dll
0x00007ffa10500000 - 0x00007ffa10523000 	C:\WINDOWS\System32\profapi.dll
0x00007ffa104b0000 - 0x00007ffa104fa000 	C:\WINDOWS\System32\powrprof.dll
0x00007ffa104a0000 - 0x00007ffa104b0000 	C:\WINDOWS\System32\UMPDC.dll
0x00007ffa12e00000 - 0x00007ffa12e52000 	C:\WINDOWS\System32\shlwapi.dll
0x00007ffa10530000 - 0x00007ffa10541000 	C:\WINDOWS\System32\kernel.appcore.dll
0x00007ffa107a0000 - 0x00007ffa107b7000 	C:\WINDOWS\System32\cryptsp.dll
0x00007ffa01540000 - 0x00007ffa0155a000 	C:\Program Files\Android\Android Studio\jre\jre\bin\net.dll
0x00007ffa0fc90000 - 0x00007ffa0fcf7000 	C:\WINDOWS\system32\mswsock.dll
0x00007ff9fda20000 - 0x00007ff9fda33000 	C:\Program Files\Android\Android Studio\jre\jre\bin\nio.dll
0x00007ffa09640000 - 0x00007ffa09667000 	C:\Users\dell\.gradle\native\f6784746aeab05261644944871eae4fe03e0ef1612fff0a4a95f87b438bc6780\windows-amd64\native-platform.dll
0x00007ffa09590000 - 0x00007ffa0959d000 	C:\Program Files\Android\Android Studio\jre\jre\bin\management.dll
0x00007ffa0f800000 - 0x00007ffa0f833000 	C:\WINDOWS\system32\rsaenh.dll
0x00007ffa11510000 - 0x00007ffa11536000 	C:\WINDOWS\System32\bcrypt.dll
0x00007ffa103c0000 - 0x00007ffa103e5000 	C:\WINDOWS\SYSTEM32\USERENV.dll
0x00007ffa0fe60000 - 0x00007ffa0fe6c000 	C:\WINDOWS\SYSTEM32\CRYPTBASE.dll
0x00007ffa0f9a0000 - 0x00007ffa0f9da000 	C:\WINDOWS\SYSTEM32\IPHLPAPI.DLL
0x00007ffa12ff0000 - 0x00007ffa12ff8000 	C:\WINDOWS\System32\NSI.dll
0x00007ffa01e50000 - 0x00007ffa01e66000 	C:\WINDOWS\SYSTEM32\dhcpcsvc6.DLL
0x00007ffa02260000 - 0x00007ffa0227c000 	C:\WINDOWS\SYSTEM32\dhcpcsvc.DLL
0x00007ffa0f9e0000 - 0x00007ffa0faab000 	C:\WINDOWS\SYSTEM32\DNSAPI.dll
0x00007ffa02710000 - 0x00007ffa0271b000 	C:\WINDOWS\SYSTEM32\WINNSI.DLL
0x00007ff9fd820000 - 0x00007ff9fd844000 	C:\Program Files\Android\Android Studio\jre\jre\bin\sunec.dll
0x00007ffa09160000 - 0x00007ffa0916a000 	C:\Windows\System32\rasadhlp.dll
0x00007ffa01ca0000 - 0x00007ffa01d17000 	C:\WINDOWS\System32\fwpuclnt.dll
0x00007ffa01810000 - 0x00007ffa0181b000 	C:\Program Files\Android\Android Studio\jre\jre\bin\sunmscapi.dll
0x00007ffa11540000 - 0x00007ffa11689000 	C:\WINDOWS\System32\CRYPT32.dll
0x00007ffa10550000 - 0x00007ffa10562000 	C:\WINDOWS\System32\MSASN1.dll
0x00007ffa0f4e0000 - 0x00007ffa0f511000 	C:\WINDOWS\SYSTEM32\ntmarta.dll
0x00007ff9dd300000 - 0x00007ff9dd49c000 	C:\Program Files\Android\Android Studio\jre\jre\bin\awt.dll
0x00007ffa12f00000 - 0x00007ffa12fc5000 	C:\WINDOWS\System32\OLEAUT32.dll
0x00007ffa0eb50000 - 0x00007ffa0eb7d000 	C:\WINDOWS\SYSTEM32\dwmapi.dll
0x00007ffa0d030000 - 0x00007ffa0d5f0000 	C:\WINDOWS\SYSTEM32\d2d1.dll
0x00007ffa0e580000 - 0x00007ffa0e60f000 	C:\WINDOWS\SYSTEM32\apphelp.dll
0x00007ffa0e700000 - 0x00007ffa0e799000 	C:\WINDOWS\system32\uxtheme.dll

VM Arguments:
jvm_args: -Xmx2048m -Dfile.encoding=UTF-8 -Duser.country=US -Duser.language=en -Duser.variant 
java_command: org.gradle.launcher.daemon.bootstrap.GradleDaemon 6.5
java_class_path (initial): C:\Users\dell\.gradle\wrapper\dists\gradle-6.5-all\2oz4ud9k3tuxjg84bbf55q0tn\gradle-6.5\lib\gradle-launcher-6.5.jar
Launcher Type: SUN_STANDARD

Environment Variables:
PATH=C:\Visual8\Common7\IDE;C:\Visual8\VC\BIN;C:\Visual8\Common7\Tools;C:\Visual8\Com mon7\Tools\bin;C:\Visual8\VC\PlatformSDK\bin;C:\Visual8\SDK\v2.0\bin;C:\Windows\Micr osoft.NET\Framework\v2.0.50727;C:\Visual8\VC\VCPackages;C:\Visual8\SDK\v2.0\Bin;C:\Windows\Microsoft.NET\Framework\v2.0.50727;C:\Visual8\VC\bin;C:\Visual8\VC\vcpackages;C:\Program Files\nodejs\;C:\WINDOWS\system32;C:\WINDOWS;C:\WINDOWS\System32\Wbem;C:\WINDOWS\System32\WindowsPowerShell\v1.0\;C:\Program Files\PuTTY\;C:\Program Files\MIT\Kerberos\bin;C:\Python27;C:\Python27\Scripts\;C:\Program Files (x86)\Subversion\bin;C:\Python38;C:\Python38\Scripts\;C:\WINDOWS\System32\OpenSSH\;E:\ana\Lib\site-packages\onnx;E:\VIVADO\Vivado;C:\Users\dell\hls4ml\scripts;C:\msysgit\bin;C:\Program Files\Intel\WiFi\bin\;C:\Program Files\Common Files\Intel\WirelessCommon\;C:\Program Files\Java\jdk1.8.0_152\bin;C:\Users\dell\AppData\Local\Microsoft\WindowsApps;C:\Users\dell\AppData\Local\Programs\Microsoft VS Code\bin;C:\src\flutter\bin;E:\VIVADO\Vivado;C:\Users\dell\hls4ml\scripts;C:\msysgit\bin;C:\flutter\bin;C:\Program Files\Git\bin;C:\Users\dell\AppData\Local\Android\tools;C:\Users\dell\AppData\Local\Android\platform-tools
USERNAME=dell
OS=Windows_NT
PROCESSOR_IDENTIFIER=Intel64 Family 6 Model 78 Stepping 3, GenuineIntel



---------------  S Y S T E M  ---------------

OS: Windows 10.0 , 64 bit Build 18362 (10.0.18362.1082)

CPU:total 4 (initial active 4) (2 cores per cpu, 2 threads per core) family 6 model 78 stepping 3, cmov, cx8, fxsr, mmx, sse, sse2, sse3, ssse3, sse4.1, sse4.2, popcnt, avx, avx2, aes, clmul, erms, rtm, 3dnowpref, lzcnt, ht, tsc, tscinvbit, bmi1, bmi2, adx

Memory: 4k page, physical 8047076k(143560k free), swap 14191076k(5528k free)

vm_info: OpenJDK 64-Bit Server VM (25.242-b01) for windows-amd64 JRE (1.8.0_242-release-1644-b01), built by "builder" with MS VC++ 10.0 (VS2010)

time: Tue Nov 24 00:27:25 2020
timezone: Romance Standard Time
elapsed time: 2154 seconds (0d 0h 35m 54s)

