#
# There is insufficient memory for the Java Runtime Environment to continue.
# Native memory allocation (malloc) failed to allocate 32744 bytes for ChunkPool::allocate
# Possible reasons:
#   The system is out of physical RAM or swap space
#   The process is running with CompressedOops enabled, and the Java Heap may be blocking the growth of the native heap
# Possible solutions:
#   Reduce memory load on the system
#   Increase physical memory or swap space
#   Check if swap backing store is full
#   Decrease Java heap size (-Xmx/-Xms)
#   Decrease number of Java threads
#   Decrease Java thread stack sizes (-Xss)
#   Set larger code cache with -XX:ReservedCodeCacheSize=
#   JVM is running with Unscaled Compressed Oops mode in which the Java heap is
#     placed in the first 4GB address space. The Java Heap base address is the
#     maximum limit for the native heap growth. Please use -XX:HeapBaseMinAddress
#     to set the Java Heap base and to place the Java Heap above 4GB virtual address.
# This output file may be truncated or incomplete.
#
#  Out of Memory Error (allocation.cpp:272), pid=18508, tid=0x000000000000353c
#
# JRE version: OpenJDK Runtime Environment (8.0_242-b01) (build 1.8.0_242-release-1644-b01)
# Java VM: OpenJDK 64-Bit Server VM (25.242-b01 mixed mode windows-amd64 compressed oops)
# Failed to write core dump. Minidumps are not enabled by default on client versions of Windows
#

---------------  T H R E A D  ---------------

Current thread (0x00000000179fb000):  JavaThread "C2 CompilerThread1" daemon [_thread_in_native, id=13628, stack(0x0000000019160000,0x0000000019260000)]

Stack: [0x0000000019160000,0x0000000019260000]
[error occurred during error reporting (printing stack bounds), id 0xc0000005]

Native frames: (J=compiled Java code, j=interpreted, Vv=VM code, C=native code)


Current CompileTask:
C2:  40368 11106       4       org.objectweb.asm.ClassReader::accept (1376 bytes)


---------------  P R O C E S S  ---------------

Java Threads: ( => current thread )
  0x00000000209f8000 JavaThread "stdout" [_thread_in_native, id=8488, stack(0x000000002e4e0000,0x000000002e5e0000)]
  0x00000000209f7000 JavaThread "stderr" [_thread_in_native, id=2124, stack(0x000000002e3e0000,0x000000002e4e0000)]
  0x00000000209f1000 JavaThread "stdout" [_thread_in_native, id=8284, stack(0x000000002e2e0000,0x000000002e3e0000)]
  0x000000001aac6000 JavaThread "stderr" [_thread_in_native, id=22900, stack(0x000000002e1e0000,0x000000002e2e0000)]
  0x000000001aaca800 JavaThread "stdout" [_thread_in_native, id=16404, stack(0x000000002e0e0000,0x000000002e1e0000)]
  0x000000001aac6800 JavaThread "stderr" [_thread_in_native, id=18912, stack(0x000000002dfe0000,0x000000002e0e0000)]
  0x000000001aacc000 JavaThread "stdout" [_thread_in_native, id=4760, stack(0x000000002dee0000,0x000000002dfe0000)]
  0x000000001aacb000 JavaThread "stderr" [_thread_in_native, id=3096, stack(0x000000002dde0000,0x000000002dee0000)]
  0x000000001aacc800 JavaThread "pool-2-thread-1" [_thread_blocked, id=21548, stack(0x000000002dae0000,0x000000002dbe0000)]
  0x000000001aac1800 JavaThread "MarlinRenderer Disposer" daemon [_thread_blocked, id=21324, stack(0x000000002d7e0000,0x000000002d8e0000)]
  0x000000001aac3000 JavaThread "Java2D Disposer" daemon [_thread_blocked, id=20216, stack(0x000000002cfb0000,0x000000002d0b0000)]
  0x000000001aac2000 JavaThread "WorkerExecutor Queue Thread 4" [_thread_blocked, id=20440, stack(0x000000002d2f0000,0x000000002d3f0000)]
  0x000000001aac8000 JavaThread "WorkerExecutor Queue Thread 3" [_thread_in_native, id=11708, stack(0x000000002d1f0000,0x000000002d2f0000)]
  0x000000001aac7800 JavaThread "WorkerExecutor Queue Thread 2" [_thread_blocked, id=19972, stack(0x000000002d0f0000,0x000000002d1f0000)]
  0x000000001aabf000 JavaThread "WorkerExecutor Queue" [_thread_blocked, id=21444, stack(0x000000002ccb0000,0x000000002cdb0000)]
  0x000000001aac0800 JavaThread "Cache worker for execution history cache (C:\Users\dell\Desktop\projects\Flutter-projects\FizzUpApp\.gradle\6.5\executionHistory)" [_thread_blocked, id=9128, stack(0x000000002c9b0000,0x000000002cab0000)]
  0x000000001aac3800 JavaThread "Execution worker for ':' Thread 3" [_thread_blocked, id=2848, stack(0x000000002c8b0000,0x000000002c9b0000)]
  0x000000001aac0000 JavaThread "Execution worker for ':' Thread 2" [_thread_blocked, id=14632, stack(0x000000002c7b0000,0x000000002c8b0000)]
  0x00000000209a7800 JavaThread "Execution worker for ':'" [_thread_blocked, id=21088, stack(0x000000002c6b0000,0x000000002c7b0000)]
  0x00000000209a4800 JavaThread "Cache worker for file content cache (C:\Users\dell\Desktop\projects\Flutter-projects\FizzUpApp\.gradle\6.5\fileContent)" [_thread_blocked, id=10356, stack(0x000000002c1b0000,0x000000002c2b0000)]
  0x00000000209a3800 JavaThread "Memory manager" [_thread_blocked, id=20788, stack(0x000000002bdf0000,0x000000002bef0000)]
  0x00000000209a6800 JavaThread "Cache worker for Build Output Cleanup Cache (C:\Users\dell\Desktop\projects\Flutter-projects\FizzUpApp\.gradle\buildOutputCleanup)" [_thread_blocked, id=12792, stack(0x000000002abd0000,0x000000002acd0000)]
  0x00000000209a6000 JavaThread "jar transforms Thread 114" [_thread_blocked, id=21164, stack(0x0000000029900000,0x0000000029a00000)]
  0x00000000209a5000 JavaThread "jar transforms Thread 113" [_thread_blocked, id=2448, stack(0x0000000029800000,0x0000000029900000)]
  0x00000000209a8000 JavaThread "jar transforms Thread 112" [_thread_blocked, id=15104, stack(0x0000000029700000,0x0000000029800000)]
  0x00000000209a9000 JavaThread "jar transforms Thread 111" [_thread_blocked, id=20484, stack(0x0000000029600000,0x0000000029700000)]
  0x00000000209a9800 JavaThread "jar transforms Thread 110" [_thread_blocked, id=19288, stack(0x0000000029500000,0x0000000029600000)]
  0x00000000209a3000 JavaThread "jar transforms Thread 109" [_thread_blocked, id=22692, stack(0x0000000029400000,0x0000000029500000)]
  0x000000002099b800 JavaThread "jar transforms Thread 108" [_thread_blocked, id=2740, stack(0x0000000029300000,0x0000000029400000)]
  0x00000000209a1800 JavaThread "jar transforms Thread 107" [_thread_blocked, id=21956, stack(0x0000000029200000,0x0000000029300000)]
  0x00000000209a0800 JavaThread "jar transforms Thread 106" [_thread_blocked, id=12708, stack(0x0000000029100000,0x0000000029200000)]
  0x00000000209a0000 JavaThread "jar transforms Thread 105" [_thread_blocked, id=19508, stack(0x0000000029000000,0x0000000029100000)]
  0x000000002099f000 JavaThread "jar transforms Thread 104" [_thread_blocked, id=10824, stack(0x0000000028f00000,0x0000000029000000)]
  0x000000002099e800 JavaThread "jar transforms Thread 103" [_thread_blocked, id=744, stack(0x0000000028e00000,0x0000000028f00000)]
  0x000000002099c000 JavaThread "jar transforms Thread 102" [_thread_blocked, id=12024, stack(0x0000000028d00000,0x0000000028e00000)]
  0x00000000209a2000 JavaThread "jar transforms Thread 101" [_thread_blocked, id=12584, stack(0x0000000028c00000,0x0000000028d00000)]
  0x000000002099d000 JavaThread "jar transforms Thread 100" [_thread_blocked, id=19760, stack(0x0000000028b00000,0x0000000028c00000)]
  0x000000002099d800 JavaThread "jar transforms Thread 99" [_thread_blocked, id=2400, stack(0x0000000028a00000,0x0000000028b00000)]
  0x000000002099a800 JavaThread "jar transforms Thread 98" [_thread_blocked, id=14504, stack(0x0000000028900000,0x0000000028a00000)]
  0x000000001e004800 JavaThread "jar transforms Thread 97" [_thread_blocked, id=7020, stack(0x0000000028800000,0x0000000028900000)]
  0x000000001dffd000 JavaThread "jar transforms Thread 96" [_thread_blocked, id=17456, stack(0x0000000028700000,0x0000000028800000)]
  0x000000001e003000 JavaThread "jar transforms Thread 95" [_thread_blocked, id=9608, stack(0x0000000028600000,0x0000000028700000)]
  0x000000001e002800 JavaThread "jar transforms Thread 94" [_thread_blocked, id=11832, stack(0x0000000028500000,0x0000000028600000)]
  0x000000001e004000 JavaThread "jar transforms Thread 93" [_thread_blocked, id=15512, stack(0x0000000028400000,0x0000000028500000)]
  0x000000001e001000 JavaThread "jar transforms Thread 92" [_thread_blocked, id=12128, stack(0x0000000028300000,0x0000000028400000)]
  0x000000001e001800 JavaThread "jar transforms Thread 91" [_thread_blocked, id=14708, stack(0x0000000028200000,0x0000000028300000)]
  0x000000001e000000 JavaThread "jar transforms Thread 90" [_thread_blocked, id=12548, stack(0x0000000028100000,0x0000000028200000)]
  0x000000001dfff800 JavaThread "jar transforms Thread 89" [_thread_blocked, id=2612, stack(0x0000000028000000,0x0000000028100000)]
  0x000000001dffe800 JavaThread "jar transforms Thread 88" [_thread_blocked, id=15788, stack(0x0000000027f00000,0x0000000028000000)]
  0x000000001dffe000 JavaThread "jar transforms Thread 87" [_thread_blocked, id=5596, stack(0x0000000027e00000,0x0000000027f00000)]
  0x000000001dff5800 JavaThread "jar transforms Thread 86" [_thread_blocked, id=10868, stack(0x0000000027d00000,0x0000000027e00000)]
  0x000000001dffc800 JavaThread "jar transforms Thread 85" [_thread_blocked, id=6536, stack(0x0000000027c00000,0x0000000027d00000)]
  0x000000001dffb800 JavaThread "jar transforms Thread 84" [_thread_blocked, id=11408, stack(0x0000000027b00000,0x0000000027c00000)]
  0x000000001dff8800 JavaThread "jar transforms Thread 83" [_thread_blocked, id=16320, stack(0x0000000027a00000,0x0000000027b00000)]
  0x000000001dff7000 JavaThread "jar transforms Thread 82" [_thread_blocked, id=21720, stack(0x0000000027900000,0x0000000027a00000)]
  0x000000001dffb000 JavaThread "jar transforms Thread 81" [_thread_blocked, id=14496, stack(0x0000000027800000,0x0000000027900000)]
  0x000000001dffa000 JavaThread "jar transforms Thread 80" [_thread_blocked, id=12524, stack(0x0000000027700000,0x0000000027800000)]
  0x000000001dff6800 JavaThread "jar transforms Thread 79" [_thread_blocked, id=14364, stack(0x0000000027600000,0x0000000027700000)]
  0x000000001dff8000 JavaThread "jar transforms Thread 78" [_thread_blocked, id=16776, stack(0x0000000027500000,0x0000000027600000)]
  0x000000001dff9800 JavaThread "jar transforms Thread 77" [_thread_blocked, id=17428, stack(0x0000000027400000,0x0000000027500000)]
  0x00000000208f7800 JavaThread "jar transforms Thread 76" [_thread_blocked, id=8244, stack(0x0000000027300000,0x0000000027400000)]
  0x00000000208f8800 JavaThread "jar transforms Thread 75" [_thread_blocked, id=3644, stack(0x0000000027200000,0x0000000027300000)]
  0x00000000208f6000 JavaThread "jar transforms Thread 74" [_thread_blocked, id=4732, stack(0x0000000027100000,0x0000000027200000)]
  0x00000000208f2800 JavaThread "jar transforms Thread 73" [_thread_blocked, id=21868, stack(0x0000000027000000,0x0000000027100000)]
  0x00000000208f5800 JavaThread "jar transforms Thread 72" [_thread_blocked, id=7552, stack(0x0000000026f00000,0x0000000027000000)]
  0x00000000208f4800 JavaThread "jar transforms Thread 71" [_thread_blocked, id=20504, stack(0x0000000026e00000,0x0000000026f00000)]
  0x00000000208f9000 JavaThread "jar transforms Thread 70" [_thread_blocked, id=20892, stack(0x0000000026d00000,0x0000000026e00000)]
  0x00000000208f4000 JavaThread "jar transforms Thread 69" [_thread_blocked, id=4364, stack(0x0000000026c00000,0x0000000026d00000)]
  0x00000000208f7000 JavaThread "jar transforms Thread 68" [_thread_blocked, id=15952, stack(0x0000000026b00000,0x0000000026c00000)]
  0x00000000208f1800 JavaThread "jar transforms Thread 67" [_thread_blocked, id=17128, stack(0x0000000026a00000,0x0000000026b00000)]
  0x00000000208f3000 JavaThread "jar transforms Thread 66" [_thread_blocked, id=8976, stack(0x0000000026900000,0x0000000026a00000)]
  0x00000000208ea000 JavaThread "jar transforms Thread 65" [_thread_blocked, id=17692, stack(0x0000000026800000,0x0000000026900000)]
  0x00000000208f1000 JavaThread "jar transforms Thread 64" [_thread_blocked, id=12200, stack(0x0000000026700000,0x0000000026800000)]
  0x00000000208f0000 JavaThread "jar transforms Thread 63" [_thread_blocked, id=19940, stack(0x0000000026600000,0x0000000026700000)]
  0x00000000208ef800 JavaThread "jar transforms Thread 62" [_thread_blocked, id=5012, stack(0x0000000026500000,0x0000000026600000)]
  0x00000000208ee800 JavaThread "jar transforms Thread 61" [_thread_blocked, id=13724, stack(0x0000000026400000,0x0000000026500000)]
  0x00000000208ee000 JavaThread "jar transforms Thread 60" [_thread_blocked, id=13192, stack(0x0000000026300000,0x0000000026400000)]
  0x00000000208ed000 JavaThread "jar transforms Thread 59" [_thread_blocked, id=13680, stack(0x0000000026200000,0x0000000026300000)]
  0x00000000208eb800 JavaThread "jar transforms Thread 58" [_thread_blocked, id=20492, stack(0x0000000026100000,0x0000000026200000)]
  0x00000000208eb000 JavaThread "jar transforms Thread 57" [_thread_blocked, id=17060, stack(0x0000000026000000,0x0000000026100000)]
  0x00000000208ec800 JavaThread "jar transforms Thread 56" [_thread_blocked, id=3212, stack(0x0000000025f00000,0x0000000026000000)]
  0x000000001fb16000 JavaThread "jar transforms Thread 55" [_thread_blocked, id=19764, stack(0x0000000025e00000,0x0000000025f00000)]
  0x000000001fb1c800 JavaThread "jar transforms Thread 54" [_thread_blocked, id=8644, stack(0x0000000025d00000,0x0000000025e00000)]
  0x000000001fb15000 JavaThread "jar transforms Thread 53" [_thread_blocked, id=12820, stack(0x0000000025c00000,0x0000000025d00000)]
  0x000000001fb1a800 JavaThread "jar transforms Thread 52" [_thread_blocked, id=21884, stack(0x0000000025b00000,0x0000000025c00000)]
  0x000000001fb19800 JavaThread "jar transforms Thread 51" [_thread_blocked, id=10348, stack(0x0000000025a00000,0x0000000025b00000)]
  0x000000001fb1b000 JavaThread "jar transforms Thread 50" [_thread_blocked, id=9624, stack(0x0000000025900000,0x0000000025a00000)]
  0x000000001fb19000 JavaThread "jar transforms Thread 49" [_thread_blocked, id=12176, stack(0x0000000025800000,0x0000000025900000)]
  0x000000001fb18000 JavaThread "jar transforms Thread 48" [_thread_blocked, id=8504, stack(0x0000000025700000,0x0000000025800000)]
  0x000000001fb16800 JavaThread "jar transforms Thread 47" [_thread_blocked, id=5552, stack(0x0000000025600000,0x0000000025700000)]
  0x000000001fb17800 JavaThread "jar transforms Thread 46" [_thread_blocked, id=7436, stack(0x0000000025500000,0x0000000025600000)]
  0x000000001fb1c000 JavaThread "jar transforms Thread 45" [_thread_blocked, id=21052, stack(0x0000000025400000,0x0000000025500000)]
  0x000000001fb0d800 JavaThread "jar transforms Thread 44" [_thread_blocked, id=15068, stack(0x0000000025300000,0x0000000025400000)]
  0x000000001fb13000 JavaThread "jar transforms Thread 43" [_thread_blocked, id=7564, stack(0x0000000025200000,0x0000000025300000)]
  0x000000001fb0f000 JavaThread "jar transforms Thread 42" [_thread_blocked, id=8592, stack(0x0000000025100000,0x0000000025200000)]
  0x000000001fb14800 JavaThread "jar transforms Thread 41" [_thread_blocked, id=5620, stack(0x0000000025000000,0x0000000025100000)]
  0x000000001fb12000 JavaThread "jar transforms Thread 40" [_thread_blocked, id=22908, stack(0x0000000024f00000,0x0000000025000000)]
  0x000000001fb0e800 JavaThread "jar transforms Thread 39" [_thread_blocked, id=22708, stack(0x0000000024e00000,0x0000000024f00000)]
  0x000000001fb11800 JavaThread "jar transforms Thread 38" [_thread_blocked, id=16276, stack(0x0000000024d00000,0x0000000024e00000)]
  0x000000001fb10800 JavaThread "jar transforms Thread 37" [_thread_blocked, id=2892, stack(0x0000000024c00000,0x0000000024d00000)]
  0x000000001fb10000 JavaThread "jar transforms Thread 36" [_thread_blocked, id=22860, stack(0x0000000024b00000,0x0000000024c00000)]
  0x000000001fb13800 JavaThread "jar transforms Thread 35" [_thread_blocked, id=13180, stack(0x0000000024a00000,0x0000000024b00000)]
  0x000000001b862000 JavaThread "jar transforms Thread 34" [_thread_blocked, id=14868, stack(0x0000000024900000,0x0000000024a00000)]
  0x000000001b860800 JavaThread "jar transforms Thread 33" [_thread_blocked, id=7556, stack(0x0000000024800000,0x0000000024900000)]
  0x000000001b864800 JavaThread "jar transforms Thread 32" [_thread_blocked, id=17852, stack(0x0000000024700000,0x0000000024800000)]
  0x000000001b863000 JavaThread "jar transforms Thread 31" [_thread_blocked, id=22624, stack(0x0000000024600000,0x0000000024700000)]
  0x000000001b861800 JavaThread "jar transforms Thread 30" [_thread_blocked, id=19856, stack(0x0000000024500000,0x0000000024600000)]
  0x000000001b865000 JavaThread "jar transforms Thread 29" [_thread_blocked, id=11988, stack(0x0000000024400000,0x0000000024500000)]
  0x000000001b867800 JavaThread "jar transforms Thread 28" [_thread_blocked, id=23416, stack(0x0000000024300000,0x0000000024400000)]
  0x000000001b863800 JavaThread "jar transforms Thread 27" [_thread_blocked, id=21888, stack(0x0000000024200000,0x0000000024300000)]
  0x000000001b866800 JavaThread "jar transforms Thread 26" [_thread_blocked, id=22544, stack(0x0000000024100000,0x0000000024200000)]
  0x000000001b866000 JavaThread "jar transforms Thread 25" [_thread_blocked, id=22556, stack(0x0000000024000000,0x0000000024100000)]
  0x000000001b859000 JavaThread "jar transforms Thread 24" [_thread_blocked, id=1656, stack(0x0000000023f00000,0x0000000024000000)]
  0x000000001b860000 JavaThread "jar transforms Thread 23" [_thread_blocked, id=3416, stack(0x0000000023e00000,0x0000000023f00000)]
  0x000000001b85d800 JavaThread "jar transforms Thread 22" [_thread_blocked, id=8148, stack(0x0000000023d00000,0x0000000023e00000)]
  0x000000001b85d000 JavaThread "jar transforms Thread 21" [_thread_blocked, id=12252, stack(0x0000000023c00000,0x0000000023d00000)]
  0x000000001b858800 JavaThread "jar transforms Thread 20" [_thread_blocked, id=22420, stack(0x0000000023b00000,0x0000000023c00000)]
  0x000000001b85f000 JavaThread "jar transforms Thread 19" [_thread_blocked, id=14872, stack(0x0000000023a00000,0x0000000023b00000)]
  0x000000001b85a000 JavaThread "jar transforms Thread 18" [_thread_blocked, id=14348, stack(0x0000000023900000,0x0000000023a00000)]
  0x000000001b85c000 JavaThread "jar transforms Thread 17" [_thread_blocked, id=10880, stack(0x0000000023800000,0x0000000023900000)]
  0x000000001b85b800 JavaThread "jar transforms Thread 16" [_thread_blocked, id=13608, stack(0x0000000023700000,0x0000000023800000)]
  0x000000001b85a800 JavaThread "jar transforms Thread 15" [_thread_blocked, id=20908, stack(0x0000000023600000,0x0000000023700000)]
  0x000000001b85e800 JavaThread "jar transforms Thread 14" [_thread_blocked, id=20940, stack(0x0000000023500000,0x0000000023600000)]
  0x000000001c01c000 JavaThread "jar transforms Thread 13" [_thread_blocked, id=5048, stack(0x0000000023400000,0x0000000023500000)]
  0x000000001c01b800 JavaThread "jar transforms Thread 12" [_thread_blocked, id=23192, stack(0x0000000023300000,0x0000000023400000)]
  0x000000001c01a800 JavaThread "jar transforms Thread 11" [_thread_blocked, id=17748, stack(0x0000000023200000,0x0000000023300000)]
  0x000000001c013000 JavaThread "jar transforms Thread 10" [_thread_blocked, id=20776, stack(0x0000000023100000,0x0000000023200000)]
  0x000000001c017800 JavaThread "jar transforms Thread 9" [_thread_blocked, id=14412, stack(0x0000000023000000,0x0000000023100000)]
  0x000000001c017000 JavaThread "jar transforms Thread 8" [_thread_blocked, id=8436, stack(0x0000000022f00000,0x0000000023000000)]
  0x000000001c018800 JavaThread "jar transforms Thread 7" [_thread_blocked, id=18840, stack(0x0000000022e00000,0x0000000022f00000)]
  0x000000001c015800 JavaThread "jar transforms Thread 6" [_thread_blocked, id=22892, stack(0x0000000022d00000,0x0000000022e00000)]
  0x000000001c016000 JavaThread "jar transforms Thread 5" [_thread_blocked, id=21968, stack(0x0000000022c00000,0x0000000022d00000)]
  0x000000001c014800 JavaThread "jar transforms Thread 4" [_thread_blocked, id=19712, stack(0x0000000022b00000,0x0000000022c00000)]
  0x000000001c01a000 JavaThread "jar transforms Thread 3" [_thread_blocked, id=22320, stack(0x0000000022a00000,0x0000000022b00000)]
  0x000000001c019000 JavaThread "jar transforms Thread 2" [_thread_blocked, id=7220, stack(0x0000000022900000,0x0000000022a00000)]
  0x000000001c00d000 JavaThread "Build operations Thread 4" [_thread_in_native, id=616, stack(0x0000000022800000,0x0000000022900000)]
  0x000000001c00f800 JavaThread "Build operations Thread 3" [_thread_in_native, id=20588, stack(0x0000000022700000,0x0000000022800000)]
  0x000000001c00e000 JavaThread "Build operations Thread 2" [_thread_blocked, id=1972, stack(0x0000000022600000,0x0000000022700000)]
  0x000000001c010000 JavaThread "Build operations" [_thread_blocked, id=10572, stack(0x0000000022500000,0x0000000022600000)]
  0x000000001c011800 JavaThread "Cache worker for file content cache (C:\Users\dell\.gradle\caches\6.5\fileContent)" [_thread_blocked, id=22576, stack(0x0000000021e00000,0x0000000021f00000)]
  0x000000001b546000 JavaThread "jar transforms" [_thread_blocked, id=8112, stack(0x0000000021d00000,0x0000000021e00000)]
  0x000000001b544800 JavaThread "Cache worker for execution history cache (C:\Users\dell\.gradle\caches\6.5\executionHistory)" [_thread_blocked, id=10528, stack(0x0000000021370000,0x0000000021470000)]
  0x000000001b545000 JavaThread "Cache worker for cache directory md-rule (C:\Users\dell\.gradle\caches\6.5\md-rule)" [_thread_blocked, id=23548, stack(0x0000000021270000,0x0000000021370000)]
  0x000000001b543800 JavaThread "Cache worker for cache directory md-supplier (C:\Users\dell\.gradle\caches\6.5\md-supplier)" [_thread_blocked, id=9836, stack(0x0000000020020000,0x0000000020120000)]
  0x000000001b542000 JavaThread "Cache worker for checksums cache (C:\Users\dell\Desktop\projects\Flutter-projects\FizzUpApp\.gradle\checksums)" [_thread_blocked, id=18236, stack(0x000000001ff20000,0x0000000020020000)]
  0x000000001b549000 JavaThread "Cache worker for file hash cache (C:\Users\dell\Desktop\projects\Flutter-projects\FizzUpApp\.gradle\6.5\fileHashes)" [_thread_blocked, id=22084, stack(0x0000000021170000,0x0000000021270000)]
  0x000000001b546800 JavaThread "Cache worker for file hash cache (C:\Users\dell\.gradle\caches\6.5\fileHashes)" [_thread_blocked, id=2380, stack(0x000000001da80000,0x000000001db80000)]
  0x000000001b547800 JavaThread "File lock request listener" [_thread_in_native, id=22660, stack(0x000000001d980000,0x000000001da80000)]
  0x000000001b543000 JavaThread "Cache worker for journal cache (C:\Users\dell\.gradle\caches\journal-1)" [_thread_blocked, id=21152, stack(0x000000001d780000,0x000000001d880000)]
  0x000000001b3b7000 JavaThread "Thread-9" [_thread_blocked, id=16296, stack(0x000000001d480000,0x000000001d580000)]
  0x000000001b431000 JavaThread "Stdin handler" [_thread_blocked, id=5220, stack(0x000000001d380000,0x000000001d480000)]
  0x000000001b438800 JavaThread "Asynchronous log dispatcher for DefaultDaemonConnection: socket connection from /127.0.0.1:56987 to /127.0.0.1:56988" [_thread_blocked, id=13388, stack(0x000000001d280000,0x000000001d380000)]
  0x000000001b437800 JavaThread "Daemon worker" [_thread_blocked, id=12596, stack(0x000000001d180000,0x000000001d280000)]
  0x000000001b437000 JavaThread "Cancel handler" [_thread_blocked, id=11120, stack(0x000000001d080000,0x000000001d180000)]
  0x0000000019738000 JavaThread "Handler for socket connection from /127.0.0.1:56987 to /127.0.0.1:56988" [_thread_in_native, id=19900, stack(0x000000001cf80000,0x000000001d080000)]
  0x00000000199db800 JavaThread "Daemon" [_thread_blocked, id=8564, stack(0x000000001ce80000,0x000000001cf80000)]
  0x00000000199d7000 JavaThread "Daemon periodic checks" [_thread_blocked, id=9028, stack(0x000000001cb80000,0x000000001cc80000)]
  0x000000001b359000 JavaThread "Incoming local TCP Connector on port 56987" [_thread_in_native, id=11800, stack(0x000000001c940000,0x000000001ca40000)]
  0x000000001b2c5800 JavaThread "Daemon health stats" [_thread_blocked, id=12368, stack(0x000000001c300000,0x000000001c400000)]
  0x0000000019389000 JavaThread "Service Thread" daemon [_thread_blocked, id=10080, stack(0x0000000019760000,0x0000000019860000)]
  0x0000000017a11800 JavaThread "C1 CompilerThread2" daemon [_thread_in_native, id=15184, stack(0x0000000019260000,0x0000000019360000)]
=>0x00000000179fb000 JavaThread "C2 CompilerThread1" daemon [_thread_in_native, id=13628, stack(0x0000000019160000,0x0000000019260000)]
  0x00000000179f7000 JavaThread "C2 CompilerThread0" daemon [_thread_in_native, id=18104, stack(0x0000000019060000,0x0000000019160000)]
  0x00000000179f5000 JavaThread "Attach Listener" daemon [_thread_blocked, id=13332, stack(0x0000000018f60000,0x0000000019060000)]
  0x00000000179f4000 JavaThread "Signal Dispatcher" daemon [_thread_blocked, id=3240, stack(0x0000000018e60000,0x0000000018f60000)]
  0x0000000002dc6000 JavaThread "Finalizer" daemon [_thread_blocked, id=19716, stack(0x0000000018c60000,0x0000000018d60000)]
  0x00000000179d9000 JavaThread "Reference Handler" daemon [_thread_blocked, id=12908, stack(0x0000000018b60000,0x0000000018c60000)]
  0x0000000002cd2800 JavaThread "main" [_thread_blocked, id=21836, stack(0x0000000002bd0000,0x0000000002cd0000)]

Other Threads:
  0x00000000179b6000 VMThread [stack: 0x0000000018a60000,0x0000000018b60000] [id=21924]
  0x0000000017a4d800 WatcherThread [stack: 0x0000000019860000,0x0000000019960000] [id=2492]

VM state:not at safepoint (normal execution)

VM Mutex/Monitor currently owned by a thread:  ([mutex/lock_event])
[0x0000000002b0cb90] CodeCache_lock - owner thread: 0x0000000000000000

heap address: 0x0000000080000000, size: 2048 MB, Compressed Oops mode: 32-bit
Narrow klass base: 0x0000000000000000, Narrow klass shift: 3
Compressed class space size: 1073741824 Address: 0x0000000100000000

Heap:
 PSYoungGen      total 260096K, used 186560K [0x00000000d5580000, 0x00000000e9880000, 0x0000000100000000)
  eden space 236032K, 71% used [0x00000000d5580000,0x00000000df97f9e0,0x00000000e3c00000)
  from space 24064K, 77% used [0x00000000e3c00000,0x00000000e4e30660,0x00000000e5380000)
  to   space 25600K, 0% used [0x00000000e7f80000,0x00000000e7f80000,0x00000000e9880000)
 ParOldGen       total 124928K, used 41652K [0x0000000080000000, 0x0000000087a00000, 0x00000000d5580000)
  object space 124928K, 33% used [0x0000000080000000,0x00000000828ad048,0x0000000087a00000)
 Metaspace       used 76842K, capacity 80390K, committed 80664K, reserved 1118208K
  class space    used 10313K, capacity 10976K, committed 11040K, reserved 1048576K

Card table byte_map: [0x0000000012190000,0x00000000125a0000] byte_map_base: 0x0000000011d90000

Marking Bits: (ParMarkBitMap*) 0x000000006604f030
 Begin Bits: [0x0000000012c50000, 0x0000000014c50000)
 End Bits:   [0x0000000014c50000, 0x0000000016c50000)

Polling page: 0x0000000000e10000

CodeCache: size=245760Kb used=31707Kb max_used=31707Kb free=214052Kb
 bounds [0x0000000002dd0000, 0x0000000004cf0000, 0x0000000011dd0000]
 total_blobs=10528 nmethods=9574 adapters=866
 compilation: enabled

Compilation events (10 events):
Event: 40.351 Thread 0x0000000017a11800 nmethod 11154 0x0000000004ce1c90 code [0x0000000004ce1de0, 0x0000000004ce1f50]
Event: 40.351 Thread 0x0000000017a11800 11155   !   2       java.nio.file.Files::isRegularFile (16 bytes)
Event: 40.352 Thread 0x0000000017a11800 nmethod 11155 0x0000000004ce1fd0 code [0x0000000004ce2160, 0x0000000004ce2488]
Event: 40.359 Thread 0x0000000017a11800 11156       2       com.android.tools.r8.D8Command$Builder::d (2 bytes)
Event: 40.360 Thread 0x0000000017a11800 nmethod 11156 0x0000000004ce2690 code [0x0000000004ce27e0, 0x0000000004ce2930]
Event: 40.361 Thread 0x0000000017a11800 11157   !   2       com.android.tools.r8.BaseCommand$Builder::a (25 bytes)
Event: 40.362 Thread 0x0000000017a11800 nmethod 11157 0x0000000004ce29d0 code [0x0000000004ce2b80, 0x0000000004ce3018]
Event: 40.362 Thread 0x0000000017a11800 11158       2       com.google.common.io.ByteStreams::toByteArray (20 bytes)
Event: 40.363 Thread 0x0000000017a11800 nmethod 11158 0x0000000004ce3310 code [0x0000000004ce34a0, 0x0000000004ce37c8]
Event: 40.363 Thread 0x0000000017a11800 11159       2       com.android.builder.dexing.D8DiagnosticsHandler::getOrigin (65 bytes)

GC Heap History (10 events):
Event: 14.965 GC heap before
{Heap before GC invocations=14 (full 2):
 PSYoungGen      total 170496K, used 58825K [0x00000000d5580000, 0x00000000e3a00000, 0x0000000100000000)
  eden space 158208K, 29% used [0x00000000d5580000,0x00000000d82f74b8,0x00000000df000000)
  from space 12288K, 99% used [0x00000000df000000,0x00000000dfbfb2f0,0x00000000dfc00000)
  to   space 17920K, 0% used [0x00000000e2880000,0x00000000e2880000,0x00000000e3a00000)
 ParOldGen       total 77824K, used 29009K [0x0000000080000000, 0x0000000084c00000, 0x00000000d5580000)
  object space 77824K, 37% used [0x0000000080000000,0x0000000081c54728,0x0000000084c00000)
 Metaspace       used 56838K, capacity 59040K, committed 59160K, reserved 1099776K
  class space    used 7686K, capacity 8145K, committed 8224K, reserved 1048576K
Event: 14.994 GC heap after
Heap after GC invocations=14 (full 2):
 PSYoungGen      total 214528K, used 15236K [0x00000000d5580000, 0x00000000e4200000, 0x0000000100000000)
  eden space 196608K, 0% used [0x00000000d5580000,0x00000000d5580000,0x00000000e1580000)
  from space 17920K, 85% used [0x00000000e2880000,0x00000000e3761158,0x00000000e3a00000)
  to   space 19456K, 0% used [0x00000000e1580000,0x00000000e1580000,0x00000000e2880000)
 ParOldGen       total 77824K, used 32513K [0x0000000080000000, 0x0000000084c00000, 0x00000000d5580000)
  object space 77824K, 41% used [0x0000000080000000,0x0000000081fc07d8,0x0000000084c00000)
 Metaspace       used 56838K, capacity 59040K, committed 59160K, reserved 1099776K
  class space    used 7686K, capacity 8145K, committed 8224K, reserved 1048576K
}
Event: 14.994 GC heap before
{Heap before GC invocations=15 (full 3):
 PSYoungGen      total 214528K, used 15236K [0x00000000d5580000, 0x00000000e4200000, 0x0000000100000000)
  eden space 196608K, 0% used [0x00000000d5580000,0x00000000d5580000,0x00000000e1580000)
  from space 17920K, 85% used [0x00000000e2880000,0x00000000e3761158,0x00000000e3a00000)
  to   space 19456K, 0% used [0x00000000e1580000,0x00000000e1580000,0x00000000e2880000)
 ParOldGen       total 77824K, used 32513K [0x0000000080000000, 0x0000000084c00000, 0x00000000d5580000)
  object space 77824K, 41% used [0x0000000080000000,0x0000000081fc07d8,0x0000000084c00000)
 Metaspace       used 56838K, capacity 59040K, committed 59160K, reserved 1099776K
  class space    used 7686K, capacity 8145K, committed 8224K, reserved 1048576K
Event: 15.238 GC heap after
Heap after GC invocations=15 (full 3):
 PSYoungGen      total 214528K, used 0K [0x00000000d5580000, 0x00000000e4200000, 0x0000000100000000)
  eden space 196608K, 0% used [0x00000000d5580000,0x00000000d5580000,0x00000000e1580000)
  from space 17920K, 0% used [0x00000000e2880000,0x00000000e2880000,0x00000000e3a00000)
  to   space 19456K, 0% used [0x00000000e1580000,0x00000000e1580000,0x00000000e2880000)
 ParOldGen       total 124928K, used 41628K [0x0000000080000000, 0x0000000087a00000, 0x00000000d5580000)
  object space 124928K, 33% used [0x0000000080000000,0x00000000828a7048,0x0000000087a00000)
 Metaspace       used 56825K, capacity 58998K, committed 59160K, reserved 1099776K
  class space    used 7682K, capacity 8138K, committed 8224K, reserved 1048576K
}
Event: 21.572 GC heap before
{Heap before GC invocations=16 (full 3):
 PSYoungGen      total 214528K, used 196608K [0x00000000d5580000, 0x00000000e4200000, 0x0000000100000000)
  eden space 196608K, 100% used [0x00000000d5580000,0x00000000e1580000,0x00000000e1580000)
  from space 17920K, 0% used [0x00000000e2880000,0x00000000e2880000,0x00000000e3a00000)
  to   space 19456K, 0% used [0x00000000e1580000,0x00000000e1580000,0x00000000e2880000)
 ParOldGen       total 124928K, used 41628K [0x0000000080000000, 0x0000000087a00000, 0x00000000d5580000)
  object space 124928K, 33% used [0x0000000080000000,0x00000000828a7048,0x0000000087a00000)
 Metaspace       used 66841K, capacity 69830K, committed 70040K, reserved 1110016K
  class space    used 9178K, capacity 9782K, committed 9888K, reserved 1048576K
Event: 21.630 GC heap after
Heap after GC invocations=16 (full 3):
 PSYoungGen      total 216064K, used 17505K [0x00000000d5580000, 0x00000000e6c00000, 0x0000000100000000)
  eden space 196608K, 0% used [0x00000000d5580000,0x00000000d5580000,0x00000000e1580000)
  from space 19456K, 89% used [0x00000000e1580000,0x00000000e26985a8,0x00000000e2880000)
  to   space 21504K, 0% used [0x00000000e5700000,0x00000000e5700000,0x00000000e6c00000)
 ParOldGen       total 124928K, used 41636K [0x0000000080000000, 0x0000000087a00000, 0x00000000d5580000)
  object space 124928K, 33% used [0x0000000080000000,0x00000000828a9048,0x0000000087a00000)
 Metaspace       used 66841K, capacity 69830K, committed 70040K, reserved 1110016K
  class space    used 9178K, capacity 9782K, committed 9888K, reserved 1048576K
}
Event: 31.821 GC heap before
{Heap before GC invocations=17 (full 3):
 PSYoungGen      total 216064K, used 214113K [0x00000000d5580000, 0x00000000e6c00000, 0x0000000100000000)
  eden space 196608K, 100% used [0x00000000d5580000,0x00000000e1580000,0x00000000e1580000)
  from space 19456K, 89% used [0x00000000e1580000,0x00000000e26985a8,0x00000000e2880000)
  to   space 21504K, 0% used [0x00000000e5700000,0x00000000e5700000,0x00000000e6c00000)
 ParOldGen       total 124928K, used 41636K [0x0000000080000000, 0x0000000087a00000, 0x00000000d5580000)
  object space 124928K, 33% used [0x0000000080000000,0x00000000828a9048,0x0000000087a00000)
 Metaspace       used 74365K, capacity 77650K, committed 77848K, reserved 1116160K
  class space    used 10021K, capacity 10670K, committed 10784K, reserved 1048576K
Event: 31.854 GC heap after
Heap after GC invocations=17 (full 3):
 PSYoungGen      total 256512K, used 20204K [0x00000000d5580000, 0x00000000e6b00000, 0x0000000100000000)
  eden space 236032K, 0% used [0x00000000d5580000,0x00000000d5580000,0x00000000e3c00000)
  from space 20480K, 98% used [0x00000000e5700000,0x00000000e6abb080,0x00000000e6b00000)
  to   space 24064K, 0% used [0x00000000e3c00000,0x00000000e3c00000,0x00000000e5380000)
 ParOldGen       total 124928K, used 41644K [0x0000000080000000, 0x0000000087a00000, 0x00000000d5580000)
  object space 124928K, 33% used [0x0000000080000000,0x00000000828ab048,0x0000000087a00000)
 Metaspace       used 74365K, capacity 77650K, committed 77848K, reserved 1116160K
  class space    used 10021K, capacity 10670K, committed 10784K, reserved 1048576K
}
Event: 38.402 GC heap before
{Heap before GC invocations=18 (full 3):
 PSYoungGen      total 256512K, used 256236K [0x00000000d5580000, 0x00000000e6b00000, 0x0000000100000000)
  eden space 236032K, 100% used [0x00000000d5580000,0x00000000e3c00000,0x00000000e3c00000)
  from space 20480K, 98% used [0x00000000e5700000,0x00000000e6abb080,0x00000000e6b00000)
  to   space 24064K, 0% used [0x00000000e3c00000,0x00000000e3c00000,0x00000000e5380000)
 ParOldGen       total 124928K, used 41644K [0x0000000080000000, 0x0000000087a00000, 0x00000000d5580000)
  object space 124928K, 33% used [0x0000000080000000,0x00000000828ab048,0x0000000087a00000)
 Metaspace       used 75253K, capacity 78604K, committed 78872K, reserved 1118208K
  class space    used 10079K, capacity 10723K, committed 10784K, reserved 1048576K
Event: 38.449 GC heap after
Heap after GC invocations=18 (full 3):
 PSYoungGen      total 260096K, used 18625K [0x00000000d5580000, 0x00000000e9880000, 0x0000000100000000)
  eden space 236032K, 0% used [0x00000000d5580000,0x00000000d5580000,0x00000000e3c00000)
  from space 24064K, 77% used [0x00000000e3c00000,0x00000000e4e30660,0x00000000e5380000)
  to   space 25600K, 0% used [0x00000000e7f80000,0x00000000e7f80000,0x00000000e9880000)
 ParOldGen       total 124928K, used 41652K [0x0000000080000000, 0x0000000087a00000, 0x00000000d5580000)
  object space 124928K, 33% used [0x0000000080000000,0x00000000828ad048,0x0000000087a00000)
 Metaspace       used 75253K, capacity 78604K, committed 78872K, reserved 1118208K
  class space    used 10079K, capacity 10723K, committed 10784K, reserved 1048576K
}

Deoptimization events (10 events):
Event: 39.638 Thread 0x00000000209a7800 Uncommon trap: reason=unstable_if action=reinterpret pc=0x00000000038a0bf8 method=com.esotericsoftware.kryo.io.Input.require(I)I @ 65
Event: 39.674 Thread 0x00000000209a7800 Uncommon trap: reason=unstable_if action=reinterpret pc=0x000000000464c230 method=com.google.common.cache.LocalCache$Segment.recordWrite(Lcom/google/common/cache/ReferenceEntry;IJ)V @ 22
Event: 39.852 Thread 0x00000000209a7800 Uncommon trap: reason=unstable_if action=reinterpret pc=0x00000000032aa490 method=org.objectweb.asm.ByteVector.putUTF8(Ljava/lang/String;)Lorg/objectweb/asm/ByteVector; @ 100
Event: 39.930 Thread 0x00000000209a7800 Uncommon trap: reason=class_check action=maybe_recompile pc=0x0000000004859ca4 method=com.google.common.cache.LocalCache$Segment.get(Ljava/lang/Object;I)Ljava/lang/Object; @ 14
Event: 39.930 Thread 0x00000000209a7800 Uncommon trap: reason=unstable_if action=reinterpret pc=0x000000000463beb8 method=com.google.common.cache.LocalCache.isExpired(Lcom/google/common/cache/ReferenceEntry;J)Z @ 9
Event: 39.930 Thread 0x00000000209a7800 Uncommon trap: reason=unstable_if action=reinterpret pc=0x00000000041567a8 method=com.google.common.cache.LocalCache$Segment.recordRead(Lcom/google/common/cache/ReferenceEntry;J)V @ 7
Event: 39.931 Thread 0x00000000209a7800 Uncommon trap: reason=class_check action=maybe_recompile pc=0x0000000004859ca4 method=com.google.common.cache.LocalCache$Segment.get(Ljava/lang/Object;I)Ljava/lang/Object; @ 14
Event: 39.931 Thread 0x00000000209a7800 Uncommon trap: reason=unstable_if action=reinterpret pc=0x0000000003de9758 method=com.google.common.cache.LocalCache.isExpired(Lcom/google/common/cache/ReferenceEntry;J)Z @ 9
Event: 39.933 Thread 0x00000000209a7800 Uncommon trap: reason=class_check action=maybe_recompile pc=0x0000000004859ca4 method=com.google.common.cache.LocalCache$Segment.get(Ljava/lang/Object;I)Ljava/lang/Object; @ 14
Event: 39.933 Thread 0x00000000209a7800 Uncommon trap: reason=class_check action=maybe_recompile pc=0x0000000004859ca4 method=com.google.common.cache.LocalCache$Segment.get(Ljava/lang/Object;I)Ljava/lang/Object; @ 14

Classes redefined (0 events):
No events

Internal exceptions (10 events):
Event: 35.109 Thread 0x000000001c010000 Exception <a 'sun/nio/fs/WindowsException'> (0x00000000d95d0678) thrown at [C:\src\AOSP-openjdk-git\hotspot\src\share\vm\prims\jni.cpp, line 710]
Event: 35.313 Thread 0x00000000209a7800 Exception <a 'sun/nio/fs/WindowsException'> (0x00000000d9df0958) thrown at [C:\src\AOSP-openjdk-git\hotspot\src\share\vm\prims\jni.cpp, line 710]
Event: 35.474 Thread 0x000000001b437800 Implicit null exception at 0x0000000004596c63 to 0x000000000459710d
Event: 36.000 Thread 0x000000001b437800 Implicit null exception at 0x0000000004a0d862 to 0x0000000004a0dab9
Event: 38.907 Thread 0x000000001b437800 Exception <a 'java/lang/NoSuchMethodError': <clinit>> (0x00000000d7104c18) thrown at [C:\src\AOSP-openjdk-git\hotspot\src\share\vm\prims\jni.cpp, line 1615]
Event: 38.914 Thread 0x000000001b437800 Exception <a 'java/lang/NoSuchMethodError': <clinit>> (0x00000000d714e9e8) thrown at [C:\src\AOSP-openjdk-git\hotspot\src\share\vm\prims\jni.cpp, line 1615]
Event: 38.968 Thread 0x000000001aac8000 Exception <a 'java/lang/NoSuchMethodError': java.lang.Object.lambda$asRunnable$0(Lcom/android/tools/build/apkzlib/utils/IOExceptionRunnable;)V> (0x00000000d72b08e0) thrown at [C:\src\AOSP-openjdk-git\hotspot\src\share\vm\interpreter\linkResolver.cpp, line
Event: 39.167 Thread 0x000000001aac8000 Exception <a 'java/lang/NoSuchMethodError': java.lang.Object.newSystemTemporaryDirectory()Lcom/android/tools/build/apkzlib/bytestorage/TemporaryDirectory;> (0x00000000d764bf00) thrown at [C:\src\AOSP-openjdk-git\hotspot\src\share\vm\interpreter\linkResolv
Event: 40.354 Thread 0x000000001c00f800 Exception <a 'sun/nio/fs/WindowsException'> (0x00000000df6c6c70) thrown at [C:\src\AOSP-openjdk-git\hotspot\src\share\vm\prims\jni.cpp, line 710]
Event: 40.355 Thread 0x000000001c010000 Exception <a 'sun/nio/fs/WindowsException'> (0x00000000df696328) thrown at [C:\src\AOSP-openjdk-git\hotspot\src\share\vm\prims\jni.cpp, line 710]

Events (10 events):
Event: 40.352 loading class com/android/tools/r8/BaseCommand$Builder
Event: 40.352 loading class com/android/tools/r8/BaseCommand$Builder done
Event: 40.352 loading class com/android/tools/r8/utils/Y
Event: 40.352 loading class com/android/tools/r8/utils/Y done
Event: 40.353 loading class com/android/tools/r8/utils/d0
Event: 40.353 loading class com/android/tools/r8/utils/d0 done
Event: 40.354 loading class com/android/tools/r8/CompilationFailedException
Event: 40.354 loading class com/android/tools/r8/CompilationFailedException done
Event: 40.355 loading class com/android/tools/r8/graph/Z
Event: 40.355 loading class com/android/tools/r8/graph/Z done


Dynamic libraries:
0x00007ff6341f0000 - 0x00007ff634221000 	C:\Program Files\Android\Android Studio\jre\bin\java.exe
0x00007ffa135e0000 - 0x00007ffa137d0000 	C:\WINDOWS\SYSTEM32\ntdll.dll
0x00007ffa131a0000 - 0x00007ffa13252000 	C:\WINDOWS\System32\KERNEL32.DLL
0x00007ffa11210000 - 0x00007ffa114b5000 	C:\WINDOWS\System32\KERNELBASE.dll
0x00007ffa12020000 - 0x00007ffa120c3000 	C:\WINDOWS\System32\ADVAPI32.dll
0x00007ffa12a50000 - 0x00007ffa12aee000 	C:\WINDOWS\System32\msvcrt.dll
0x00007ffa12e60000 - 0x00007ffa12ef7000 	C:\WINDOWS\System32\sechost.dll
0x00007ffa12ce0000 - 0x00007ffa12e00000 	C:\WINDOWS\System32\RPCRT4.dll
0x00007ffa13000000 - 0x00007ffa13195000 	C:\WINDOWS\System32\USER32.dll
0x00007ffa107c0000 - 0x00007ffa107e1000 	C:\WINDOWS\System32\win32u.dll
0x00007ffa12400000 - 0x00007ffa12426000 	C:\WINDOWS\System32\GDI32.dll
0x00007ffa108f0000 - 0x00007ffa10a86000 	C:\WINDOWS\System32\gdi32full.dll
0x00007ffa10700000 - 0x00007ffa1079e000 	C:\WINDOWS\System32\msvcp_win.dll
0x00007ffa107f0000 - 0x00007ffa108ea000 	C:\WINDOWS\System32\ucrtbase.dll
0x00007ff9fbb90000 - 0x00007ff9fbe14000 	C:\WINDOWS\WinSxS\amd64_microsoft.windows.common-controls_6595b64144ccf1df_6.0.18362.1082_none_9e8193e1e45b25c1\COMCTL32.dll
0x00007ffa13260000 - 0x00007ffa13595000 	C:\WINDOWS\System32\combase.dll
0x00007ffa10680000 - 0x00007ffa10700000 	C:\WINDOWS\System32\bcryptPrimitives.dll
0x00007ffa12a20000 - 0x00007ffa12a4e000 	C:\WINDOWS\System32\IMM32.DLL
0x00000000656c0000 - 0x0000000065792000 	C:\Program Files\Android\Android Studio\jre\jre\bin\msvcr100.dll
0x0000000065880000 - 0x00000000660cb000 	C:\Program Files\Android\Android Studio\jre\jre\bin\server\jvm.dll
0x00007ffa12010000 - 0x00007ffa12018000 	C:\WINDOWS\System32\PSAPI.DLL
0x00007ffa0e420000 - 0x00007ffa0e444000 	C:\WINDOWS\SYSTEM32\WINMM.dll
0x00007ffa09fc0000 - 0x00007ffa09fca000 	C:\WINDOWS\SYSTEM32\VERSION.dll
0x00007ffa0e2f0000 - 0x00007ffa0e31d000 	C:\WINDOWS\SYSTEM32\winmmbase.dll
0x00007ffa114c0000 - 0x00007ffa1150a000 	C:\WINDOWS\System32\cfgmgr32.dll
0x00007ffa01e70000 - 0x00007ffa01e79000 	C:\WINDOWS\SYSTEM32\WSOCK32.dll
0x00007ffa12ba0000 - 0x00007ffa12c0f000 	C:\WINDOWS\System32\ws2_32.DLL
0x00007ffa0aff0000 - 0x00007ffa0afff000 	C:\Program Files\Android\Android Studio\jre\jre\bin\verify.dll
0x00007ffa09640000 - 0x00007ffa09669000 	C:\Program Files\Android\Android Studio\jre\jre\bin\java.dll
0x00007ffa09710000 - 0x00007ffa09726000 	C:\Program Files\Android\Android Studio\jre\jre\bin\zip.dll
0x00007ffa11710000 - 0x00007ffa11df7000 	C:\WINDOWS\System32\SHELL32.dll
0x00007ffa12af0000 - 0x00007ffa12b99000 	C:\WINDOWS\System32\shcore.dll
0x00007ffa10a90000 - 0x00007ffa11210000 	C:\WINDOWS\System32\windows.storage.dll
0x00007ffa10500000 - 0x00007ffa10523000 	C:\WINDOWS\System32\profapi.dll
0x00007ffa104b0000 - 0x00007ffa104fa000 	C:\WINDOWS\System32\powrprof.dll
0x00007ffa104a0000 - 0x00007ffa104b0000 	C:\WINDOWS\System32\UMPDC.dll
0x00007ffa12e00000 - 0x00007ffa12e52000 	C:\WINDOWS\System32\shlwapi.dll
0x00007ffa10530000 - 0x00007ffa10541000 	C:\WINDOWS\System32\kernel.appcore.dll
0x00007ffa107a0000 - 0x00007ffa107b7000 	C:\WINDOWS\System32\cryptsp.dll
0x00007ffa01840000 - 0x00007ffa0185a000 	C:\Program Files\Android\Android Studio\jre\jre\bin\net.dll
0x00007ffa0fc90000 - 0x00007ffa0fcf7000 	C:\WINDOWS\system32\mswsock.dll
0x00007ffa01540000 - 0x00007ffa01553000 	C:\Program Files\Android\Android Studio\jre\jre\bin\nio.dll
0x00007ff9fd820000 - 0x00007ff9fd847000 	C:\Users\dell\.gradle\native\f6784746aeab05261644944871eae4fe03e0ef1612fff0a4a95f87b438bc6780\windows-amd64\native-platform.dll
0x00007ffa09630000 - 0x00007ffa0963d000 	C:\Program Files\Android\Android Studio\jre\jre\bin\management.dll
0x00007ffa0f800000 - 0x00007ffa0f833000 	C:\WINDOWS\system32\rsaenh.dll
0x00007ffa11510000 - 0x00007ffa11536000 	C:\WINDOWS\System32\bcrypt.dll
0x00007ffa103c0000 - 0x00007ffa103e5000 	C:\WINDOWS\SYSTEM32\USERENV.dll
0x00007ffa0fe60000 - 0x00007ffa0fe6c000 	C:\WINDOWS\SYSTEM32\CRYPTBASE.dll
0x00007ffa0f9a0000 - 0x00007ffa0f9da000 	C:\WINDOWS\SYSTEM32\IPHLPAPI.DLL
0x00007ffa12ff0000 - 0x00007ffa12ff8000 	C:\WINDOWS\System32\NSI.dll
0x00007ffa01e50000 - 0x00007ffa01e66000 	C:\WINDOWS\SYSTEM32\dhcpcsvc6.DLL
0x00007ffa02260000 - 0x00007ffa0227c000 	C:\WINDOWS\SYSTEM32\dhcpcsvc.DLL
0x00007ffa0f9e0000 - 0x00007ffa0faab000 	C:\WINDOWS\SYSTEM32\DNSAPI.dll
0x00007ffa02710000 - 0x00007ffa0271b000 	C:\WINDOWS\SYSTEM32\WINNSI.DLL
0x00007ff9e0c90000 - 0x00007ff9e0e2c000 	C:\Program Files\Android\Android Studio\jre\jre\bin\awt.dll
0x00007ffa12f00000 - 0x00007ffa12fc5000 	C:\WINDOWS\System32\OLEAUT32.dll
0x00007ffa0eb50000 - 0x00007ffa0eb7d000 	C:\WINDOWS\SYSTEM32\dwmapi.dll
0x00007ffa0d030000 - 0x00007ffa0d5f0000 	C:\WINDOWS\SYSTEM32\d2d1.dll
0x00007ffa0e580000 - 0x00007ffa0e60f000 	C:\WINDOWS\SYSTEM32\apphelp.dll
0x00007ffa0e700000 - 0x00007ffa0e799000 	C:\WINDOWS\system32\uxtheme.dll

VM Arguments:
jvm_args: -Xmx2048m -Dfile.encoding=UTF-8 -Duser.country=US -Duser.language=en -Duser.variant 
java_command: org.gradle.launcher.daemon.bootstrap.GradleDaemon 6.5
java_class_path (initial): C:\Users\dell\.gradle\wrapper\dists\gradle-6.5-bin\6nifqtx7604sqp1q6g8wikw7p\gradle-6.5\lib\gradle-launcher-6.5.jar
Launcher Type: SUN_STANDARD

Environment Variables:
PATH=C:\Visual8\Common7\IDE;C:\Visual8\VC\BIN;C:\Visual8\Common7\Tools;C:\Visual8\Com mon7\Tools\bin;C:\Visual8\VC\PlatformSDK\bin;C:\Visual8\SDK\v2.0\bin;C:\Windows\Micr osoft.NET\Framework\v2.0.50727;C:\Visual8\VC\VCPackages;C:\Visual8\SDK\v2.0\Bin;C:\Windows\Microsoft.NET\Framework\v2.0.50727;C:\Visual8\VC\bin;C:\Visual8\VC\vcpackages;C:\Program Files\nodejs\;C:\WINDOWS\system32;C:\WINDOWS;C:\WINDOWS\System32\Wbem;C:\WINDOWS\System32\WindowsPowerShell\v1.0\;C:\Program Files\PuTTY\;C:\Program Files\MIT\Kerberos\bin;C:\Python27;C:\Python27\Scripts\;C:\Program Files (x86)\Subversion\bin;C:\Python38;C:\Python38\Scripts\;C:\WINDOWS\System32\OpenSSH\;E:\ana\Lib\site-packages\onnx;E:\VIVADO\Vivado;C:\Users\dell\hls4ml\scripts;C:\msysgit\bin;C:\Program Files\Intel\WiFi\bin\;C:\Program Files\Common Files\Intel\WirelessCommon\;C:\Program Files\Java\jdk1.8.0_152\bin;C:\Users\dell\AppData\Local\Microsoft\WindowsApps;C:\Users\dell\AppData\Local\Programs\Microsoft VS Code\bin;C:\src\flutter\bin;E:\VIVADO\Vivado;C:\Users\dell\hls4ml\scripts;C:\msysgit\bin;C:\flutter\bin;C:\Program Files\Git\bin;C:\Users\dell\AppData\Local\Android\tools;C:\Users\dell\AppData\Local\Android\platform-tools
USERNAME=dell
OS=Windows_NT
PROCESSOR_IDENTIFIER=Intel64 Family 6 Model 78 Stepping 3, GenuineIntel



---------------  S Y S T E M  ---------------

OS: Windows 10.0 , 64 bit Build 18362 (10.0.18362.1082)

CPU:total 4 (initial active 4) (2 cores per cpu, 2 threads per core) family 6 model 78 stepping 3, cmov, cx8, fxsr, mmx, sse, sse2, sse3, ssse3, sse4.1, sse4.2, popcnt, avx, avx2, aes, clmul, erms, rtm, 3dnowpref, lzcnt, ht, tsc, tscinvbit, bmi1, bmi2, adx

Memory: 4k page, physical 8047076k(161424k free), swap 14191076k(4140k free)

vm_info: OpenJDK 64-Bit Server VM (25.242-b01) for windows-amd64 JRE (1.8.0_242-release-1644-b01), built by "builder" with MS VC++ 10.0 (VS2010)

time: Mon Nov 23 21:39:08 2020
timezone: Romance Standard Time
elapsed time: 40 seconds (0d 0h 0m 40s)

